Using pre-set license
Built from '2020.3/staging' branch; Version is '2020.3.23f1 (c5d91304a876) revision 12966163'; Using compiler version '192528614'; Build Type 'Release'
OS: 'Windows 10 Pro; OS build 19041.1348; Version 2004; 64bit' Language: 'en' Physical Memory: 8042 MB
BatchMode: 1, IsHumanControllingUs: 0, StartBugReporterOnCrash: 0, Is64bit: 1, IsPro: 0

COMMAND LINE ARGUMENTS:
D:\Unity\Editor\2020.3.23f1\Editor\Unity.exe
-adb2
-batchMode
-noUpm
-name
AssetImportWorker0
-projectPath
D:/Unity/Projects/VR stuff
-logFile
Logs/AssetImportWorker0.log
-srvPort
61773
Successfully changed project path to: D:/Unity/Projects/VR stuff
D:/Unity/Projects/VR stuff
Using Asset Import Pipeline V2.
Refreshing native plugins compatible for Editor in 62.16 ms, found 5 plugins.
Preloading 0 native plugins for Editor in 0.00 ms.
Initialize engine version: 2020.3.23f1 (c5d91304a876)
[Subsystems] Discovering subsystems at path D:/Unity/Editor/2020.3.23f1/Editor/Data/Resources/UnitySubsystems
[Subsystems] Discovering subsystems at path D:/Unity/Projects/VR stuff/Assets
GfxDevice: creating device client; threaded=0
Direct3D:
    Version:  Direct3D 11.0 [level 11.1]
    Renderer: NVIDIA GeForce GTX 1650 (ID=0x1f91)
    Vendor:   
    VRAM:     3962 MB
    Driver:   30.0.14.9676
Initialize mono
Mono path[0] = 'D:/Unity/Editor/2020.3.23f1/Editor/Data/Managed'
Mono path[1] = 'D:/Unity/Editor/2020.3.23f1/Editor/Data/MonoBleedingEdge/lib/mono/unityjit'
Mono config path = 'D:/Unity/Editor/2020.3.23f1/Editor/Data/MonoBleedingEdge/etc'
Using monoOptions --debugger-agent=transport=dt_socket,embedding=1,server=y,suspend=n,address=127.0.0.1:56768
Begin MonoManager ReloadAssembly
Registering precompiled unity dll's ...
Register platform support module: D:/Unity/Editor/2020.3.23f1/Editor/Data/PlaybackEngines/WebGLSupport/UnityEditor.WebGL.Extensions.dll
Register platform support module: D:/Unity/Editor/2020.3.23f1/Editor/Data/PlaybackEngines/WindowsStandaloneSupport/UnityEditor.WindowsStandalone.Extensions.dll
Registered in 0.003643 seconds.
Native extension for WindowsStandalone target not found
Native extension for WebGL target not found
Refreshing native plugins compatible for Editor in 41.52 ms, found 5 plugins.
Preloading 0 native plugins for Editor in 0.00 ms.
Mono: successfully reloaded assembly
- Completed reload, in  0.609 seconds
Domain Reload Profiling:
	ReloadAssembly (610ms)
		BeginReloadAssembly (62ms)
			ExecutionOrderSort (0ms)
			DisableScriptedObjects (0ms)
			BackupInstance (0ms)
			ReleaseScriptingObjects (0ms)
			CreateAndSetChildDomain (3ms)
		EndReloadAssembly (474ms)
			LoadAssemblies (58ms)
			RebuildTransferFunctionScriptingTraits (1ms)
			SetupTypeCache (144ms)
			ReleaseScriptCaches (0ms)
			RebuildScriptCaches (34ms)
			SetupLoadedEditorAssemblies (181ms)
				LogAssemblyErrors (0ms)
				InitializePlatformSupportModulesInManaged (5ms)
				SetLoadedEditorAssemblies (0ms)
				RefreshPlugins (42ms)
				BeforeProcessingInitializeOnLoad (23ms)
				ProcessInitializeOnLoadAttributes (84ms)
				ProcessInitializeOnLoadMethodAttributes (27ms)
				AfterProcessingInitializeOnLoad (0ms)
				EditorAssembliesLoaded (1ms)
			ExecutionOrderSort2 (0ms)
			AwakeInstancesAfterBackupRestoration (0ms)
Platform modules already initialized, skipping
Registering precompiled user dll's ...
Registered in 0.018115 seconds.
Begin MonoManager ReloadAssembly
Native extension for WindowsStandalone target not found
Native extension for WebGL target not found
Refreshing native plugins compatible for Editor in 0.48 ms, found 5 plugins.
Preloading 0 native plugins for Editor in 0.00 ms.
Mono: successfully reloaded assembly
- Completed reload, in  1.068 seconds
Domain Reload Profiling:
	ReloadAssembly (1069ms)
		BeginReloadAssembly (160ms)
			ExecutionOrderSort (0ms)
			DisableScriptedObjects (6ms)
			BackupInstance (0ms)
			ReleaseScriptingObjects (0ms)
			CreateAndSetChildDomain (21ms)
		EndReloadAssembly (856ms)
			LoadAssemblies (128ms)
			RebuildTransferFunctionScriptingTraits (0ms)
			SetupTypeCache (304ms)
			ReleaseScriptCaches (0ms)
			RebuildScriptCaches (44ms)
			SetupLoadedEditorAssemblies (293ms)
				LogAssemblyErrors (0ms)
				InitializePlatformSupportModulesInManaged (5ms)
				SetLoadedEditorAssemblies (0ms)
				RefreshPlugins (1ms)
				BeforeProcessingInitializeOnLoad (74ms)
				ProcessInitializeOnLoadAttributes (199ms)
				ProcessInitializeOnLoadMethodAttributes (11ms)
				AfterProcessingInitializeOnLoad (2ms)
				EditorAssembliesLoaded (0ms)
			ExecutionOrderSort2 (0ms)
			AwakeInstancesAfterBackupRestoration (6ms)
Platform modules already initialized, skipping
========================================================================
Worker process is ready to serve import requests
Launched and connected shader compiler UnityShaderCompiler.exe after 0.07 seconds
Refreshing native plugins compatible for Editor in 0.50 ms, found 5 plugins.
Preloading 0 native plugins for Editor in 0.00 ms.
Unloading 1814 Unused Serialized files (Serialized files now loaded: 0)
System memory in use before: 81.8 MB.
System memory in use after: 81.8 MB.

Unloading 22 unused Assets to reduce memory usage. Loaded Objects now: 2253.
Total: 2.866000 ms (FindLiveObjects: 0.207400 ms CreateObjectMapping: 0.074700 ms MarkObjects: 2.516700 ms  DeleteObjects: 0.065700 ms)

AssetImportParameters requested are different than current active one (requested -> active):
  custom:framework-win-MediaFoundation: 216162199b28c13a410421893ffa2e32 -> 
  custom:video-decoder-ogg-theora: a1e56fd34408186e4bbccfd4996cb3dc -> 
  custom:container-muxer-webm: aa71ff27fc2769a1b78a27578f13a17b -> 
  custom:container-demuxer-webm: 4f35f7cbe854078d1ac9338744f61a02 -> 
  custom:container-demuxer-ogg: 62fdf1f143b41e24485cea50d1cbac27 -> 
  custom:video-encoder-webm-vp8: eb34c28f22e8b96e1ab97ce403110664 -> 
  custom:video-decoder-webm-vp8: 9c59270c3fd7afecdb556c50c9e8de78 -> 
  custom:audio-decoder-ogg-vorbis: bf7c407c2cedff20999df2af8eb42d56 -> 
  custom:audio-encoder-webm-vorbis: bf7c407c2cedff20999df2af8eb42d56 -> 
========================================================================
Received Import Request.
  path: Assets/Museum/little-knight/Prefab/LittleKnightController.controller
  artifactKey: Guid(35e462dcccb36504eadd8e44982cd4b6) Importer(815301076,1909f56bfc062723c751e8b465ee728b)
Start importing Assets/Museum/little-knight/Prefab/LittleKnightController.controller using Guid(35e462dcccb36504eadd8e44982cd4b6) Importer(815301076,1909f56bfc062723c751e8b465ee728b)  -> (artifact id: '8987ada8ecb85e20701c04326c96429d') in 0.074851 seconds 
  Import took 0.080609 seconds .

========================================================================
Received Import Request.
  Time since last request: 31.214024 seconds.
  path: Assets/Museum/little-knight/Prefab/LittleKnight1.prefab
  artifactKey: Guid(6f54e3ca24b17c84bb6b31e9acb5eb92) Importer(815301076,1909f56bfc062723c751e8b465ee728b)
Start importing Assets/Museum/little-knight/Prefab/LittleKnight1.prefab using Guid(6f54e3ca24b17c84bb6b31e9acb5eb92) Importer(815301076,1909f56bfc062723c751e8b465ee728b)  -> (artifact id: 'a5b9901cef83e9b6969bbe71b099c88a') in 0.345360 seconds 
  Import took 0.355264 seconds .

========================================================================
Received Prepare
Registering precompiled user dll's ...
Registered in 0.016392 seconds.
Begin MonoManager ReloadAssembly
Native extension for WindowsStandalone target not found
Native extension for WebGL target not found
Refreshing native plugins compatible for Editor in 0.65 ms, found 5 plugins.
Preloading 0 native plugins for Editor in 0.00 ms.
Mono: successfully reloaded assembly
- Completed reload, in  1.423 seconds
Domain Reload Profiling:
	ReloadAssembly (1423ms)
		BeginReloadAssembly (127ms)
			ExecutionOrderSort (0ms)
			DisableScriptedObjects (4ms)
			BackupInstance (0ms)
			ReleaseScriptingObjects (0ms)
			CreateAndSetChildDomain (37ms)
		EndReloadAssembly (1207ms)
			LoadAssemblies (185ms)
			RebuildTransferFunctionScriptingTraits (0ms)
			SetupTypeCache (323ms)
			ReleaseScriptCaches (1ms)
			RebuildScriptCaches (54ms)
			SetupLoadedEditorAssemblies (493ms)
				LogAssemblyErrors (0ms)
				InitializePlatformSupportModulesInManaged (7ms)
				SetLoadedEditorAssemblies (1ms)
				RefreshPlugins (1ms)
				BeforeProcessingInitializeOnLoad (96ms)
				ProcessInitializeOnLoadAttributes (354ms)
				ProcessInitializeOnLoadMethodAttributes (30ms)
				AfterProcessingInitializeOnLoad (4ms)
				EditorAssembliesLoaded (1ms)
			ExecutionOrderSort2 (0ms)
			AwakeInstancesAfterBackupRestoration (13ms)
Platform modules already initialized, skipping
Refreshing native plugins compatible for Editor in 0.63 ms, found 5 plugins.
Preloading 0 native plugins for Editor in 0.00 ms.
Unloading 1788 Unused Serialized files (Serialized files now loaded: 0)
System memory in use before: 96.7 MB.
System memory in use after: 96.8 MB.

Unloading 17 unused Assets to reduce memory usage. Loaded Objects now: 2264.
Total: 3.468800 ms (FindLiveObjects: 0.665400 ms CreateObjectMapping: 0.075300 ms MarkObjects: 2.702600 ms  DeleteObjects: 0.024400 ms)

AssetImportParameters requested are different than current active one (requested -> active):
  custom:framework-win-MediaFoundation: 216162199b28c13a410421893ffa2e32 -> 
  custom:video-decoder-ogg-theora: a1e56fd34408186e4bbccfd4996cb3dc -> 
  custom:container-muxer-webm: aa71ff27fc2769a1b78a27578f13a17b -> 
  custom:container-demuxer-webm: 4f35f7cbe854078d1ac9338744f61a02 -> 
  custom:container-demuxer-ogg: 62fdf1f143b41e24485cea50d1cbac27 -> 
  custom:video-encoder-webm-vp8: eb34c28f22e8b96e1ab97ce403110664 -> 
  custom:video-decoder-webm-vp8: 9c59270c3fd7afecdb556c50c9e8de78 -> 
  custom:audio-decoder-ogg-vorbis: bf7c407c2cedff20999df2af8eb42d56 -> 
  custom:audio-encoder-webm-vorbis: bf7c407c2cedff20999df2af8eb42d56 -> 
========================================================================
Received Import Request.
  Time since last request: 148.413426 seconds.
  path: Assets/Museum/little-knight/Prefab/LittleKnight1.prefab
  artifactKey: Guid(6f54e3ca24b17c84bb6b31e9acb5eb92) Importer(815301076,1909f56bfc062723c751e8b465ee728b)
Start importing Assets/Museum/little-knight/Prefab/LittleKnight1.prefab using Guid(6f54e3ca24b17c84bb6b31e9acb5eb92) Importer(815301076,1909f56bfc062723c751e8b465ee728b)  -> (artifact id: '44a505af26392eaf9d08c9c2636216b9') in 0.370774 seconds 
  Import took 0.379168 seconds .

========================================================================
Received Import Request.
  Time since last request: 83.381427 seconds.
  path: Assets/SteamVR/InteractionSystem/Samples/Prefabs/Buggy Controller.prefab
  artifactKey: Guid(d9803cc69067105488f4a78449f2aeec) Importer(815301076,1909f56bfc062723c751e8b465ee728b)
Start importing Assets/SteamVR/InteractionSystem/Samples/Prefabs/Buggy Controller.prefab using Guid(d9803cc69067105488f4a78449f2aeec) Importer(815301076,1909f56bfc062723c751e8b465ee728b)  -> (artifact id: '6537d0320afc3a37ceeb3669142999b1') in 0.103198 seconds 
  Import took 0.111694 seconds .

========================================================================
Received Import Request.
  Time since last request: 0.000336 seconds.
  path: Assets/SteamVR/InteractionSystem/Samples/Prefabs/ModalThrowable.prefab
  artifactKey: Guid(8ef7df74839e54a4d84fc052b94e2fdd) Importer(815301076,1909f56bfc062723c751e8b465ee728b)
Start importing Assets/SteamVR/InteractionSystem/Samples/Prefabs/ModalThrowable.prefab using Guid(8ef7df74839e54a4d84fc052b94e2fdd) Importer(815301076,1909f56bfc062723c751e8b465ee728b)  -> (artifact id: '6a4d014774d56fc9c38c7931170c9ba6') in 0.084200 seconds 
  Import took 0.091088 seconds .

========================================================================
Received Import Request.
  Time since last request: 0.000300 seconds.
  path: Assets/SteamVR/InteractionSystem/Samples/Prefabs/JoeJeffController.prefab
  artifactKey: Guid(b209c30bc3eb7884781069adc59ed447) Importer(815301076,1909f56bfc062723c751e8b465ee728b)
Start importing Assets/SteamVR/InteractionSystem/Samples/Prefabs/JoeJeffController.prefab using Guid(b209c30bc3eb7884781069adc59ed447) Importer(815301076,1909f56bfc062723c751e8b465ee728b)  -> (artifact id: '271fb32d7c4c396fed7c1856c8304ecc') in 0.050882 seconds 
  Import took 0.055131 seconds .

========================================================================
Received Import Request.
  Time since last request: 0.000310 seconds.
  path: Assets/SteamVR/InteractionSystem/Samples/Prefabs/Flower.prefab
  artifactKey: Guid(8a2487c189a464148aadc3af2effa7c8) Importer(815301076,1909f56bfc062723c751e8b465ee728b)
Start importing Assets/SteamVR/InteractionSystem/Samples/Prefabs/Flower.prefab using Guid(8a2487c189a464148aadc3af2effa7c8) Importer(815301076,1909f56bfc062723c751e8b465ee728b)  -> (artifact id: '42e8a58201b8c4a105371123216fc087') in 0.025908 seconds 
  Import took 0.029533 seconds .

========================================================================
Received Import Request.
  Time since last request: 0.000322 seconds.
  path: Assets/SteamVR/InteractionSystem/Samples/Prefabs/ThrowableCube.prefab
  artifactKey: Guid(fb710a001890d9a44bb74a8ce4f20cc0) Importer(815301076,1909f56bfc062723c751e8b465ee728b)
Start importing Assets/SteamVR/InteractionSystem/Samples/Prefabs/ThrowableCube.prefab using Guid(fb710a001890d9a44bb74a8ce4f20cc0) Importer(815301076,1909f56bfc062723c751e8b465ee728b)  -> (artifact id: '848e734eee2adcf86c08e0815d0d0e0e') in 0.045563 seconds 
  Import took 0.052298 seconds .

========================================================================
Received Import Request.
  Time since last request: 0.000349 seconds.
  path: Assets/SteamVR/InteractionSystem/Samples/Prefabs/Button.prefab
  artifactKey: Guid(88075a54c7fb1484ba25db394b612917) Importer(815301076,1909f56bfc062723c751e8b465ee728b)
Start importing Assets/SteamVR/InteractionSystem/Samples/Prefabs/Button.prefab using Guid(88075a54c7fb1484ba25db394b612917) Importer(815301076,1909f56bfc062723c751e8b465ee728b)  -> (artifact id: '60cd292e2efb4c3bfe0e9a6ebc1cb28f') in 0.025848 seconds 
  Import took 0.029898 seconds .

========================================================================
Received Import Request.
  Time since last request: 0.000346 seconds.
  path: Assets/SteamVR/InteractionSystem/Samples/Prefabs/TargetHitEffect.prefab
  artifactKey: Guid(ada35c93b68ad004d9b4e7bd686cf189) Importer(815301076,1909f56bfc062723c751e8b465ee728b)
Start importing Assets/SteamVR/InteractionSystem/Samples/Prefabs/TargetHitEffect.prefab using Guid(ada35c93b68ad004d9b4e7bd686cf189) Importer(815301076,1909f56bfc062723c751e8b465ee728b)  -> (artifact id: '32e90a00feaa17ff3f07e2380754dbe0') in 0.222398 seconds 
  Import took 0.227950 seconds .

========================================================================
Received Import Request.
  Time since last request: 0.000356 seconds.
  path: Assets/SteamVR/InteractionSystem/Samples/Prefabs/ThrowableBall.prefab
  artifactKey: Guid(e0b086fbb874df143b6ac8f53cea5424) Importer(815301076,1909f56bfc062723c751e8b465ee728b)
Start importing Assets/SteamVR/InteractionSystem/Samples/Prefabs/ThrowableBall.prefab using Guid(e0b086fbb874df143b6ac8f53cea5424) Importer(815301076,1909f56bfc062723c751e8b465ee728b)  -> (artifact id: '51e1ed4c4e2318e995c3e5d9de5a8f37') in 0.070780 seconds 
  Import took 0.078680 seconds .

========================================================================
Received Import Request.
  Time since last request: 0.000282 seconds.
  path: Assets/SteamVR/InteractionSystem/Samples/Prefabs/Buggy.prefab
  artifactKey: Guid(1e914d8e31fa95b488c87df17e68d504) Importer(815301076,1909f56bfc062723c751e8b465ee728b)
Start importing Assets/SteamVR/InteractionSystem/Samples/Prefabs/Buggy.prefab using Guid(1e914d8e31fa95b488c87df17e68d504) Importer(815301076,1909f56bfc062723c751e8b465ee728b)  -> (artifact id: 'd0f91eb6791e7c4c159ae5504f1d5857') in 0.061430 seconds 
  Import took 0.067430 seconds .

========================================================================
Received Import Request.
  Time since last request: 0.000998 seconds.
  path: Assets/SteamVR/InteractionSystem/Samples/Prefabs/JoeJeff.prefab
  artifactKey: Guid(48530aab98abaa541acf2cf3f3f06d20) Importer(815301076,1909f56bfc062723c751e8b465ee728b)
Start importing Assets/SteamVR/InteractionSystem/Samples/Prefabs/JoeJeff.prefab using Guid(48530aab98abaa541acf2cf3f3f06d20) Importer(815301076,1909f56bfc062723c751e8b465ee728b)  -> (artifact id: 'f80591c6027161ff78692b4c6a96d85a') in 0.106542 seconds 
  Import took 0.115621 seconds .

========================================================================
Received Import Request.
  Time since last request: 23.879753 seconds.
  path: Assets/SteamVR/InteractionSystem/Samples/BuggyBuddy/URPLightCone_Blue.mat
  artifactKey: Guid(0f5a6ed934514dd4491f8cfa5cab3a14) Importer(815301076,1909f56bfc062723c751e8b465ee728b)
Start importing Assets/SteamVR/InteractionSystem/Samples/BuggyBuddy/URPLightCone_Blue.mat using Guid(0f5a6ed934514dd4491f8cfa5cab3a14) Importer(815301076,1909f56bfc062723c751e8b465ee728b)  -> (artifact id: '0483b6a671db8d7b9ac0be3796ce15a6') in 0.055205 seconds 
  Import took 0.059767 seconds .

========================================================================
Received Import Request.
  Time since last request: 16.057956 seconds.
  path: Assets/SteamVR/InteractionSystem/Samples/Animators/BallAnimationController.controller
  artifactKey: Guid(a34de06929382804eb01e06cd6e8decf) Importer(815301076,1909f56bfc062723c751e8b465ee728b)
Start importing Assets/SteamVR/InteractionSystem/Samples/Animators/BallAnimationController.controller using Guid(a34de06929382804eb01e06cd6e8decf) Importer(815301076,1909f56bfc062723c751e8b465ee728b)  -> (artifact id: '2d3163d9a8138cdc837d5c1ebfbb4406') in 0.008431 seconds 
  Import took 0.013898 seconds .

========================================================================
Received Prepare
Registering precompiled user dll's ...
Registered in 0.017120 seconds.
Begin MonoManager ReloadAssembly
Native extension for WindowsStandalone target not found
Native extension for WebGL target not found
Refreshing native plugins compatible for Editor in 0.72 ms, found 5 plugins.
Preloading 0 native plugins for Editor in 0.00 ms.
Mono: successfully reloaded assembly
- Completed reload, in  1.267 seconds
Domain Reload Profiling:
	ReloadAssembly (1268ms)
		BeginReloadAssembly (123ms)
			ExecutionOrderSort (0ms)
			DisableScriptedObjects (6ms)
			BackupInstance (0ms)
			ReleaseScriptingObjects (0ms)
			CreateAndSetChildDomain (39ms)
		EndReloadAssembly (1087ms)
			LoadAssemblies (127ms)
			RebuildTransferFunctionScriptingTraits (0ms)
			SetupTypeCache (390ms)
			ReleaseScriptCaches (2ms)
			RebuildScriptCaches (50ms)
			SetupLoadedEditorAssemblies (380ms)
				LogAssemblyErrors (0ms)
				InitializePlatformSupportModulesInManaged (7ms)
				SetLoadedEditorAssemblies (1ms)
				RefreshPlugins (1ms)
				BeforeProcessingInitializeOnLoad (94ms)
				ProcessInitializeOnLoadAttributes (261ms)
				ProcessInitializeOnLoadMethodAttributes (12ms)
				AfterProcessingInitializeOnLoad (3ms)
				EditorAssembliesLoaded (1ms)
			ExecutionOrderSort2 (0ms)
			AwakeInstancesAfterBackupRestoration (11ms)
Platform modules already initialized, skipping
Refreshing native plugins compatible for Editor in 0.49 ms, found 5 plugins.
Preloading 0 native plugins for Editor in 0.00 ms.
Unloading 1788 Unused Serialized files (Serialized files now loaded: 0)
System memory in use before: 97.5 MB.
System memory in use after: 97.7 MB.

Unloading 18 unused Assets to reduce memory usage. Loaded Objects now: 2306.
Total: 2.647700 ms (FindLiveObjects: 0.247600 ms CreateObjectMapping: 0.070500 ms MarkObjects: 2.301800 ms  DeleteObjects: 0.026000 ms)

AssetImportParameters requested are different than current active one (requested -> active):
  custom:framework-win-MediaFoundation: 216162199b28c13a410421893ffa2e32 -> 
  custom:video-decoder-ogg-theora: a1e56fd34408186e4bbccfd4996cb3dc -> 
  custom:container-muxer-webm: aa71ff27fc2769a1b78a27578f13a17b -> 
  custom:container-demuxer-webm: 4f35f7cbe854078d1ac9338744f61a02 -> 
  custom:container-demuxer-ogg: 62fdf1f143b41e24485cea50d1cbac27 -> 
  custom:video-encoder-webm-vp8: eb34c28f22e8b96e1ab97ce403110664 -> 
  custom:video-decoder-webm-vp8: 9c59270c3fd7afecdb556c50c9e8de78 -> 
  custom:audio-decoder-ogg-vorbis: bf7c407c2cedff20999df2af8eb42d56 -> 
  custom:audio-encoder-webm-vorbis: bf7c407c2cedff20999df2af8eb42d56 -> 
========================================================================
Received Prepare
Registering precompiled user dll's ...
Registered in 0.006943 seconds.
Begin MonoManager ReloadAssembly
Native extension for WindowsStandalone target not found
Native extension for WebGL target not found
Refreshing native plugins compatible for Editor in 0.50 ms, found 5 plugins.
Preloading 0 native plugins for Editor in 0.00 ms.
Mono: successfully reloaded assembly
- Completed reload, in  1.040 seconds
Domain Reload Profiling:
	ReloadAssembly (1041ms)
		BeginReloadAssembly (115ms)
			ExecutionOrderSort (0ms)
			DisableScriptedObjects (4ms)
			BackupInstance (0ms)
			ReleaseScriptingObjects (0ms)
			CreateAndSetChildDomain (31ms)
		EndReloadAssembly (862ms)
			LoadAssemblies (110ms)
			RebuildTransferFunctionScriptingTraits (0ms)
			SetupTypeCache (281ms)
			ReleaseScriptCaches (1ms)
			RebuildScriptCaches (36ms)
			SetupLoadedEditorAssemblies (337ms)
				LogAssemblyErrors (0ms)
				InitializePlatformSupportModulesInManaged (5ms)
				SetLoadedEditorAssemblies (0ms)
				RefreshPlugins (1ms)
				BeforeProcessingInitializeOnLoad (69ms)
				ProcessInitializeOnLoadAttributes (248ms)
				ProcessInitializeOnLoadMethodAttributes (12ms)
				AfterProcessingInitializeOnLoad (2ms)
				EditorAssembliesLoaded (1ms)
			ExecutionOrderSort2 (0ms)
			AwakeInstancesAfterBackupRestoration (10ms)
Platform modules already initialized, skipping
Refreshing native plugins compatible for Editor in 1.20 ms, found 5 plugins.
Preloading 0 native plugins for Editor in 0.00 ms.
Unloading 1788 Unused Serialized files (Serialized files now loaded: 0)
System memory in use before: 97.6 MB.
System memory in use after: 97.7 MB.

Unloading 17 unused Assets to reduce memory usage. Loaded Objects now: 2309.
Total: 4.301700 ms (FindLiveObjects: 0.207400 ms CreateObjectMapping: 0.061100 ms MarkObjects: 4.009500 ms  DeleteObjects: 0.022300 ms)

AssetImportParameters requested are different than current active one (requested -> active):
  custom:framework-win-MediaFoundation: 216162199b28c13a410421893ffa2e32 -> 
  custom:video-decoder-ogg-theora: a1e56fd34408186e4bbccfd4996cb3dc -> 
  custom:container-muxer-webm: aa71ff27fc2769a1b78a27578f13a17b -> 
  custom:container-demuxer-webm: 4f35f7cbe854078d1ac9338744f61a02 -> 
  custom:container-demuxer-ogg: 62fdf1f143b41e24485cea50d1cbac27 -> 
  custom:video-encoder-webm-vp8: eb34c28f22e8b96e1ab97ce403110664 -> 
  custom:video-decoder-webm-vp8: 9c59270c3fd7afecdb556c50c9e8de78 -> 
  custom:audio-decoder-ogg-vorbis: bf7c407c2cedff20999df2af8eb42d56 -> 
  custom:audio-encoder-webm-vorbis: bf7c407c2cedff20999df2af8eb42d56 -> 
========================================================================
Received Import Request.
  Time since last request: 340.688135 seconds.
  path: Assets/Museum/little-knight/Prefab/LittleKnightController.controller
  artifactKey: Guid(35e462dcccb36504eadd8e44982cd4b6) Importer(815301076,1909f56bfc062723c751e8b465ee728b)
Start importing Assets/Museum/little-knight/Prefab/LittleKnightController.controller using Guid(35e462dcccb36504eadd8e44982cd4b6) Importer(815301076,1909f56bfc062723c751e8b465ee728b)  -> (artifact id: '24b1e100a7fad60d30cd42c21926905d') in 0.183103 seconds 
  Import took 0.192465 seconds .

========================================================================
Received Import Request.
  Time since last request: 131.674273 seconds.
  path: Assets/Museum/little-knight/AR_wuqishaderSG.mat
  artifactKey: Guid(388015d3bc4d5104183f2772fb130ec8) Importer(815301076,1909f56bfc062723c751e8b465ee728b)
Start importing Assets/Museum/little-knight/AR_wuqishaderSG.mat using Guid(388015d3bc4d5104183f2772fb130ec8) Importer(815301076,1909f56bfc062723c751e8b465ee728b)  -> (artifact id: 'cca965964c0914ecb7617aa53674daf2') in 0.371273 seconds 
  Import took 0.377587 seconds .

========================================================================
Received Import Request.
  Time since last request: 0.000418 seconds.
  path: Assets/Museum/little-knight/juese_OK_AR_rentibuiao_SGSG.mat
  artifactKey: Guid(f2ee8d3f8fe3e564c9571d9dbe2a4d09) Importer(815301076,1909f56bfc062723c751e8b465ee728b)
Start importing Assets/Museum/little-knight/juese_OK_AR_rentibuiao_SGSG.mat using Guid(f2ee8d3f8fe3e564c9571d9dbe2a4d09) Importer(815301076,1909f56bfc062723c751e8b465ee728b)  -> (artifact id: '3d09265cb40397c1af59fdd5b64e0de0') in 0.104288 seconds 
  Import took 0.111439 seconds .

========================================================================
Received Import Request.
  Time since last request: 0.000391 seconds.
  path: Assets/Museum/little-knight/juese_OK_AR_waijia_SGSG.mat
  artifactKey: Guid(3b1173d288fae2f4a8eedffb19105565) Importer(815301076,1909f56bfc062723c751e8b465ee728b)
Start importing Assets/Museum/little-knight/juese_OK_AR_waijia_SGSG.mat using Guid(3b1173d288fae2f4a8eedffb19105565) Importer(815301076,1909f56bfc062723c751e8b465ee728b)  -> (artifact id: 'c17ff178ef1d8502b4ed0831ec2b2d43') in 0.078953 seconds 
  Import took 0.084670 seconds .

========================================================================
Received Import Request.
  Time since last request: 13.468713 seconds.
  path: Assets/Museum/little-knight/LittleKnight1.fbx
  artifactKey: Guid(2c8f13921fa10234da8aea5ce891ac45) Importer(815301076,1909f56bfc062723c751e8b465ee728b)
Start importing Assets/Museum/little-knight/LittleKnight1.fbx using Guid(2c8f13921fa10234da8aea5ce891ac45) Importer(815301076,1909f56bfc062723c751e8b465ee728b)  -> (artifact id: 'd0263fafa82348445cf29d43675405f4') in 0.288223 seconds 
  Import took 0.296287 seconds .

========================================================================
Received Prepare
Registering precompiled user dll's ...
Registered in 0.015715 seconds.
Begin MonoManager ReloadAssembly
Native extension for WindowsStandalone target not found
Native extension for WebGL target not found
Refreshing native plugins compatible for Editor in 1.63 ms, found 5 plugins.
Preloading 0 native plugins for Editor in 0.00 ms.
Mono: successfully reloaded assembly
- Completed reload, in  1.708 seconds
Domain Reload Profiling:
	ReloadAssembly (1709ms)
		BeginReloadAssembly (251ms)
			ExecutionOrderSort (0ms)
			DisableScriptedObjects (12ms)
			BackupInstance (0ms)
			ReleaseScriptingObjects (0ms)
			CreateAndSetChildDomain (128ms)
		EndReloadAssembly (1393ms)
			LoadAssemblies (141ms)
			RebuildTransferFunctionScriptingTraits (0ms)
			SetupTypeCache (544ms)
			ReleaseScriptCaches (2ms)
			RebuildScriptCaches (77ms)
			SetupLoadedEditorAssemblies (448ms)
				LogAssemblyErrors (0ms)
				InitializePlatformSupportModulesInManaged (11ms)
				SetLoadedEditorAssemblies (1ms)
				RefreshPlugins (2ms)
				BeforeProcessingInitializeOnLoad (152ms)
				ProcessInitializeOnLoadAttributes (272ms)
				ProcessInitializeOnLoadMethodAttributes (8ms)
				AfterProcessingInitializeOnLoad (2ms)
				EditorAssembliesLoaded (0ms)
			ExecutionOrderSort2 (0ms)
			AwakeInstancesAfterBackupRestoration (6ms)
Platform modules already initialized, skipping
Refreshing native plugins compatible for Editor in 0.60 ms, found 5 plugins.
Preloading 0 native plugins for Editor in 0.00 ms.
Unloading 1788 Unused Serialized files (Serialized files now loaded: 0)
System memory in use before: 97.7 MB.
System memory in use after: 97.8 MB.

Unloading 17 unused Assets to reduce memory usage. Loaded Objects now: 2316.
Total: 3.551500 ms (FindLiveObjects: 0.182200 ms CreateObjectMapping: 0.062000 ms MarkObjects: 3.257800 ms  DeleteObjects: 0.048500 ms)

AssetImportParameters requested are different than current active one (requested -> active):
  custom:framework-win-MediaFoundation: 216162199b28c13a410421893ffa2e32 -> 
  custom:video-decoder-ogg-theora: a1e56fd34408186e4bbccfd4996cb3dc -> 
  custom:container-muxer-webm: aa71ff27fc2769a1b78a27578f13a17b -> 
  custom:container-demuxer-webm: 4f35f7cbe854078d1ac9338744f61a02 -> 
  custom:container-demuxer-ogg: 62fdf1f143b41e24485cea50d1cbac27 -> 
  custom:video-encoder-webm-vp8: eb34c28f22e8b96e1ab97ce403110664 -> 
  custom:video-decoder-webm-vp8: 9c59270c3fd7afecdb556c50c9e8de78 -> 
  custom:audio-decoder-ogg-vorbis: bf7c407c2cedff20999df2af8eb42d56 -> 
  custom:audio-encoder-webm-vorbis: bf7c407c2cedff20999df2af8eb42d56 -> 
========================================================================
Received Import Request.
  Time since last request: 35.787428 seconds.
  path: Assets/Museum/little-knight/Prefab/LittleKnightController.controller
  artifactKey: Guid(35e462dcccb36504eadd8e44982cd4b6) Importer(815301076,1909f56bfc062723c751e8b465ee728b)
Start importing Assets/Museum/little-knight/Prefab/LittleKnightController.controller using Guid(35e462dcccb36504eadd8e44982cd4b6) Importer(815301076,1909f56bfc062723c751e8b465ee728b)  -> (artifact id: 'a2753dca5e60b052068b844b8cf11d5f') in 0.048877 seconds 
  Import took 0.056694 seconds .

========================================================================
Received Import Request.
  Time since last request: 121.336608 seconds.
  path: Assets/Museum/little-knight/LittleKnight1.fbx
  artifactKey: Guid(2c8f13921fa10234da8aea5ce891ac45) Importer(815301076,1909f56bfc062723c751e8b465ee728b)
Start importing Assets/Museum/little-knight/LittleKnight1.fbx using Guid(2c8f13921fa10234da8aea5ce891ac45) Importer(815301076,1909f56bfc062723c751e8b465ee728b)  -> (artifact id: '2f2c62c2f7381e81b2c49fabfd37c9c6') in 0.308722 seconds 
  Import took 0.318010 seconds .

========================================================================
Received Import Request.
  Time since last request: 5.317954 seconds.
  path: Assets/Museum/little-knight/LittleKnight1.fbx
  artifactKey: Guid(2c8f13921fa10234da8aea5ce891ac45) Importer(815301076,1909f56bfc062723c751e8b465ee728b)
Start importing Assets/Museum/little-knight/LittleKnight1.fbx using Guid(2c8f13921fa10234da8aea5ce891ac45) Importer(815301076,1909f56bfc062723c751e8b465ee728b)  -> (artifact id: '73d48cc1e9b3d7aa49885738939b458e') in 0.229490 seconds 
  Import took 0.238062 seconds .

========================================================================
Received Prepare
Registering precompiled user dll's ...
Registered in 0.008273 seconds.
Begin MonoManager ReloadAssembly
Native extension for WindowsStandalone target not found
Native extension for WebGL target not found
Refreshing native plugins compatible for Editor in 0.58 ms, found 5 plugins.
Preloading 0 native plugins for Editor in 0.00 ms.
Mono: successfully reloaded assembly
- Completed reload, in  1.022 seconds
Domain Reload Profiling:
	ReloadAssembly (1023ms)
		BeginReloadAssembly (109ms)
			ExecutionOrderSort (0ms)
			DisableScriptedObjects (5ms)
			BackupInstance (0ms)
			ReleaseScriptingObjects (0ms)
			CreateAndSetChildDomain (35ms)
		EndReloadAssembly (859ms)
			LoadAssemblies (108ms)
			RebuildTransferFunctionScriptingTraits (0ms)
			SetupTypeCache (310ms)
			ReleaseScriptCaches (1ms)
			RebuildScriptCaches (37ms)
			SetupLoadedEditorAssemblies (316ms)
				LogAssemblyErrors (0ms)
				InitializePlatformSupportModulesInManaged (5ms)
				SetLoadedEditorAssemblies (1ms)
				RefreshPlugins (1ms)
				BeforeProcessingInitializeOnLoad (78ms)
				ProcessInitializeOnLoadAttributes (219ms)
				ProcessInitializeOnLoadMethodAttributes (9ms)
				AfterProcessingInitializeOnLoad (3ms)
				EditorAssembliesLoaded (0ms)
			ExecutionOrderSort2 (0ms)
			AwakeInstancesAfterBackupRestoration (6ms)
Platform modules already initialized, skipping
Refreshing native plugins compatible for Editor in 0.60 ms, found 5 plugins.
Preloading 0 native plugins for Editor in 0.00 ms.
Unloading 1788 Unused Serialized files (Serialized files now loaded: 0)
System memory in use before: 97.8 MB.
System memory in use after: 97.9 MB.

Unloading 17 unused Assets to reduce memory usage. Loaded Objects now: 2320.
Total: 5.505000 ms (FindLiveObjects: 0.264800 ms CreateObjectMapping: 0.080300 ms MarkObjects: 5.068200 ms  DeleteObjects: 0.089900 ms)

AssetImportParameters requested are different than current active one (requested -> active):
  custom:framework-win-MediaFoundation: 216162199b28c13a410421893ffa2e32 -> 
  custom:video-decoder-ogg-theora: a1e56fd34408186e4bbccfd4996cb3dc -> 
  custom:container-muxer-webm: aa71ff27fc2769a1b78a27578f13a17b -> 
  custom:container-demuxer-webm: 4f35f7cbe854078d1ac9338744f61a02 -> 
  custom:container-demuxer-ogg: 62fdf1f143b41e24485cea50d1cbac27 -> 
  custom:video-encoder-webm-vp8: eb34c28f22e8b96e1ab97ce403110664 -> 
  custom:video-decoder-webm-vp8: 9c59270c3fd7afecdb556c50c9e8de78 -> 
  custom:audio-decoder-ogg-vorbis: bf7c407c2cedff20999df2af8eb42d56 -> 
  custom:audio-encoder-webm-vorbis: bf7c407c2cedff20999df2af8eb42d56 -> 
========================================================================
Received Import Request.
  Time since last request: 1241.594981 seconds.
  path: Assets/Museum/little-knight/LittleKnight1.fbx
  artifactKey: Guid(2c8f13921fa10234da8aea5ce891ac45) Importer(815301076,1909f56bfc062723c751e8b465ee728b)
Start importing Assets/Museum/little-knight/LittleKnight1.fbx using Guid(2c8f13921fa10234da8aea5ce891ac45) Importer(815301076,1909f56bfc062723c751e8b465ee728b)  -> (artifact id: '28a0fbc25c0ce4ff1c6200dc3338e7a4') in 0.957754 seconds 
  Import took 1.077496 seconds .

========================================================================
Received Import Request.
  Time since last request: 81.758177 seconds.
  path: Assets/Museum/little-knight/LittleKnight1.fbx
  artifactKey: Guid(2c8f13921fa10234da8aea5ce891ac45) Importer(815301076,1909f56bfc062723c751e8b465ee728b)
Start importing Assets/Museum/little-knight/LittleKnight1.fbx using Guid(2c8f13921fa10234da8aea5ce891ac45) Importer(815301076,1909f56bfc062723c751e8b465ee728b)  -> (artifact id: 'c669297116249868d2fd63b509ec8b1f') in 0.205906 seconds 
  Import took 0.216836 seconds .

========================================================================
Received Import Request.
  Time since last request: 203.777482 seconds.
  path: Assets/SteamVR/InteractionSystem/Samples/BuggyBuddy/Textures/dusty/wg_dust_particles_11.png
  artifactKey: Guid(a742eafd25923234ca4d16db1a12aec7) Importer(815301076,1909f56bfc062723c751e8b465ee728b)
Start importing Assets/SteamVR/InteractionSystem/Samples/BuggyBuddy/Textures/dusty/wg_dust_particles_11.png using Guid(a742eafd25923234ca4d16db1a12aec7) Importer(815301076,1909f56bfc062723c751e8b465ee728b)  -> (artifact id: 'f5a3b8d3b1d5b514612ffb9058288eb8') in 0.055611 seconds 
  Import took 0.060304 seconds .

========================================================================
Received Import Request.
  Time since last request: 0.000324 seconds.
  path: Assets/Museum/wooden_bowl_01_4k.blend/textures/wooden_bowl_01_rough_4k.jpg
  artifactKey: Guid(7afb06702a7b9374cbc416d3f8b39051) Importer(815301076,1909f56bfc062723c751e8b465ee728b)
Start importing Assets/Museum/wooden_bowl_01_4k.blend/textures/wooden_bowl_01_rough_4k.jpg using Guid(7afb06702a7b9374cbc416d3f8b39051) Importer(815301076,1909f56bfc062723c751e8b465ee728b)  -> (artifact id: '00516929bb194af1f6e573f335858518') in 0.041217 seconds 
  Import took 0.046308 seconds .

========================================================================
Received Import Request.
  Time since last request: 0.000696 seconds.
  path: Assets/Museum/wooden_bowl_01_4k.blend/textures/wooden_bowl_01_diff_4k.jpg
  artifactKey: Guid(660507af6408b4a42a5208ea3c7a8d3a) Importer(815301076,1909f56bfc062723c751e8b465ee728b)
Start importing Assets/Museum/wooden_bowl_01_4k.blend/textures/wooden_bowl_01_diff_4k.jpg using Guid(660507af6408b4a42a5208ea3c7a8d3a) Importer(815301076,1909f56bfc062723c751e8b465ee728b)  -> (artifact id: 'eea5de2efe15766f685cd53df21b2983') in 0.027184 seconds 
  Import took 0.032803 seconds .

========================================================================
Received Import Request.
  Time since last request: 0.000907 seconds.
  path: Assets/Museum/WoodenTable_02_4k.blend/textures/WoodenTable_02_diff_4k.jpg
  artifactKey: Guid(0318185f75b722f46895852a623f70ec) Importer(815301076,1909f56bfc062723c751e8b465ee728b)
Start importing Assets/Museum/WoodenTable_02_4k.blend/textures/WoodenTable_02_diff_4k.jpg using Guid(0318185f75b722f46895852a623f70ec) Importer(815301076,1909f56bfc062723c751e8b465ee728b)  -> (artifact id: '514485b951783e8284ca1d0d8bf7723f') in 0.028871 seconds 
  Import took 0.035737 seconds .

========================================================================
Received Import Request.
  Time since last request: 0.000356 seconds.
  path: Assets/Museum/wooden_bowl_01_4k.blend/textures/wooden_bowl_01_nor_gl_4k.exr
  artifactKey: Guid(56a0537b85e01e24da8120cc1249104c) Importer(815301076,1909f56bfc062723c751e8b465ee728b)
Start importing Assets/Museum/wooden_bowl_01_4k.blend/textures/wooden_bowl_01_nor_gl_4k.exr using Guid(56a0537b85e01e24da8120cc1249104c) Importer(815301076,1909f56bfc062723c751e8b465ee728b)  -> (artifact id: '3a8051f9c78fb19543c5aa1ae5bcfc5f') in 0.046211 seconds 
  Import took 0.049851 seconds .

========================================================================
Received Import Request.
  Time since last request: 0.000345 seconds.
  path: Assets/Museum/WoodenTable_02_4k.blend/textures/WoodenTable_02_metallic_4k.exr
  artifactKey: Guid(86668583040258f46a698817939210e5) Importer(815301076,1909f56bfc062723c751e8b465ee728b)
Start importing Assets/Museum/WoodenTable_02_4k.blend/textures/WoodenTable_02_metallic_4k.exr using Guid(86668583040258f46a698817939210e5) Importer(815301076,1909f56bfc062723c751e8b465ee728b)  -> (artifact id: '203d48f7eac104a8c4913117617766f0') in 0.034705 seconds 
  Import took 0.040213 seconds .

========================================================================
Received Import Request.
  Time since last request: 1.790744 seconds.
  path: Assets/SteamVR/InteractionSystem/Core/Icons/vr_interaction_system_right_hand.png
  artifactKey: Guid(1acda2a2584a8fb4683ea56799b27fa0) Importer(815301076,1909f56bfc062723c751e8b465ee728b)
Start importing Assets/SteamVR/InteractionSystem/Core/Icons/vr_interaction_system_right_hand.png using Guid(1acda2a2584a8fb4683ea56799b27fa0) Importer(815301076,1909f56bfc062723c751e8b465ee728b)  -> (artifact id: '2528499cec3a2f6859d0ecb3f5d54c2f') in 0.020767 seconds 
  Import took 0.025250 seconds .

========================================================================
Received Import Request.
  Time since last request: 0.000288 seconds.
  path: Assets/SteamVR/InteractionSystem/Samples/Textures/TargetLO_target_MetallicSmoothness.png
  artifactKey: Guid(8c0dfeb7a8494f841b73f102f41f966a) Importer(815301076,1909f56bfc062723c751e8b465ee728b)
Start importing Assets/SteamVR/InteractionSystem/Samples/Textures/TargetLO_target_MetallicSmoothness.png using Guid(8c0dfeb7a8494f841b73f102f41f966a) Importer(815301076,1909f56bfc062723c751e8b465ee728b)  -> (artifact id: 'fb0bf32d193d373287c2f89335ce812f') in 0.017005 seconds 
  Import took 0.023120 seconds .

========================================================================
Received Import Request.
  Time since last request: 0.000308 seconds.
  path: Assets/SteamVR/InteractionSystem/Teleport/Textures/TeleportAreaPatternColor.tga
  artifactKey: Guid(f33ccd07f9433f44f8c5430938b168ac) Importer(815301076,1909f56bfc062723c751e8b465ee728b)
Start importing Assets/SteamVR/InteractionSystem/Teleport/Textures/TeleportAreaPatternColor.tga using Guid(f33ccd07f9433f44f8c5430938b168ac) Importer(815301076,1909f56bfc062723c751e8b465ee728b)  -> (artifact id: 'b54c1a8c7c8e301dfb8d73b5c1def415') in 0.075577 seconds 
  Import took 0.080802 seconds .

========================================================================
Received Import Request.
  Time since last request: 0.000349 seconds.
  path: Assets/SteamVR/InteractionSystem/Core/Icons/vr_interaction_system_left_hand.png
  artifactKey: Guid(27f3faef5a63db84c9cbac06e94ab7b3) Importer(815301076,1909f56bfc062723c751e8b465ee728b)
Start importing Assets/SteamVR/InteractionSystem/Core/Icons/vr_interaction_system_left_hand.png using Guid(27f3faef5a63db84c9cbac06e94ab7b3) Importer(815301076,1909f56bfc062723c751e8b465ee728b)  -> (artifact id: '9bac0b08264a83aa36a80f863c0fb097') in 0.024980 seconds 
  Import took 0.029650 seconds .

========================================================================
Received Import Request.
  Time since last request: 0.000291 seconds.
  path: Assets/SteamVR/InteractionSystem/Core/Icons/vr_interaction_system.png
  artifactKey: Guid(b93fe5c516cf6ed4b9153ec790f856e2) Importer(815301076,1909f56bfc062723c751e8b465ee728b)
Start importing Assets/SteamVR/InteractionSystem/Core/Icons/vr_interaction_system.png using Guid(b93fe5c516cf6ed4b9153ec790f856e2) Importer(815301076,1909f56bfc062723c751e8b465ee728b)  -> (artifact id: '5cfe8aaf53dd4564cdc463b4f18379eb') in 0.030010 seconds 
  Import took 0.034315 seconds .

========================================================================
Received Import Request.
  Time since last request: 0.000240 seconds.
  path: Assets/SteamVR/Models/Materials/vr_glove_color_red.jpg
  artifactKey: Guid(0b48b3ebf45947c499c4a0f205efd100) Importer(815301076,1909f56bfc062723c751e8b465ee728b)
Start importing Assets/SteamVR/Models/Materials/vr_glove_color_red.jpg using Guid(0b48b3ebf45947c499c4a0f205efd100) Importer(815301076,1909f56bfc062723c751e8b465ee728b)  -> (artifact id: '8280ae8f2a3bc7afe9d4625fe2bfea66') in 0.025805 seconds 
  Import took 0.030900 seconds .

========================================================================
Received Import Request.
  Time since last request: 0.000300 seconds.
  path: Assets/SteamVR/InteractionSystem/Core/Icons/vr_interaction_system_unknown_hand.png
  artifactKey: Guid(77b322b27d7d39f4d91e479d19065d50) Importer(815301076,1909f56bfc062723c751e8b465ee728b)
Start importing Assets/SteamVR/InteractionSystem/Core/Icons/vr_interaction_system_unknown_hand.png using Guid(77b322b27d7d39f4d91e479d19065d50) Importer(815301076,1909f56bfc062723c751e8b465ee728b)  -> (artifact id: 'dc201d6c49a0194f998cada44bdd4a33') in 0.026441 seconds 
  Import took 0.032088 seconds .

========================================================================
Received Import Request.
  Time since last request: 0.000279 seconds.
  path: Assets/SteamVR/InteractionSystem/Teleport/Textures/TeleportMarker.psd
  artifactKey: Guid(ebc38d834b57e9d4d992de0a5470615a) Importer(815301076,1909f56bfc062723c751e8b465ee728b)
Start importing Assets/SteamVR/InteractionSystem/Teleport/Textures/TeleportMarker.psd using Guid(ebc38d834b57e9d4d992de0a5470615a) Importer(815301076,1909f56bfc062723c751e8b465ee728b)  -> (artifact id: '0d9bb75b8a35095d4ecbc07589143583') in 0.031788 seconds 
  Import took 0.037945 seconds .

========================================================================
Received Import Request.
  Time since last request: 0.000387 seconds.
  path: Assets/SteamVR/InteractionSystem/Core/Icons/vr_interaction_system_left_hand_question.png
  artifactKey: Guid(6789d499b24f8964c8bb06e21008e546) Importer(815301076,1909f56bfc062723c751e8b465ee728b)
Start importing Assets/SteamVR/InteractionSystem/Core/Icons/vr_interaction_system_left_hand_question.png using Guid(6789d499b24f8964c8bb06e21008e546) Importer(815301076,1909f56bfc062723c751e8b465ee728b)  -> (artifact id: 'f4a4b0943dc036f859ce1f02231cf912') in 0.019577 seconds 
  Import took 0.025674 seconds .

========================================================================
Received Import Request.
  Time since last request: 0.000824 seconds.
  path: Assets/SteamVR/InteractionSystem/Core/Icons/vr_interaction_system_feet.png
  artifactKey: Guid(032fb1710098a1d47ad34d72e90f714a) Importer(815301076,1909f56bfc062723c751e8b465ee728b)
Start importing Assets/SteamVR/InteractionSystem/Core/Icons/vr_interaction_system_feet.png using Guid(032fb1710098a1d47ad34d72e90f714a) Importer(815301076,1909f56bfc062723c751e8b465ee728b)  -> (artifact id: 'fa489c760600798a89780621a86a2045') in 0.023397 seconds 
  Import took 0.028707 seconds .

========================================================================
Received Import Request.
  Time since last request: 0.000316 seconds.
  path: Assets/SteamVR/InteractionSystem/Longbow/Textures/TorchFire.png
  artifactKey: Guid(abf6d945eaf1e3448b2c5264c0b1be0f) Importer(815301076,1909f56bfc062723c751e8b465ee728b)
Start importing Assets/SteamVR/InteractionSystem/Longbow/Textures/TorchFire.png using Guid(abf6d945eaf1e3448b2c5264c0b1be0f) Importer(815301076,1909f56bfc062723c751e8b465ee728b)  -> (artifact id: '364cedf563749f1eb356275436386fc5') in 0.017350 seconds 
  Import took 0.021371 seconds .

========================================================================
Received Import Request.
  Time since last request: 0.000322 seconds.
  path: Assets/SteamVR/Models/Materials/vr_glove_normal.png
  artifactKey: Guid(3ba9d5201b468524ca8df1e0969a2108) Importer(815301076,1909f56bfc062723c751e8b465ee728b)
Start importing Assets/SteamVR/Models/Materials/vr_glove_normal.png using Guid(3ba9d5201b468524ca8df1e0969a2108) Importer(815301076,1909f56bfc062723c751e8b465ee728b)  -> (artifact id: '15d5df76b730b3ac71719a90b411aad4') in 0.019906 seconds 
  Import took 0.025000 seconds .

========================================================================
Received Import Request.
  Time since last request: 0.000308 seconds.
  path: Assets/SteamVR/InteractionSystem/Core/Icons/vr_interaction_system_right_hand_question.png
  artifactKey: Guid(90173f9e9e795f74ca97ccc52fe410cd) Importer(815301076,1909f56bfc062723c751e8b465ee728b)
Start importing Assets/SteamVR/InteractionSystem/Core/Icons/vr_interaction_system_right_hand_question.png using Guid(90173f9e9e795f74ca97ccc52fe410cd) Importer(815301076,1909f56bfc062723c751e8b465ee728b)  -> (artifact id: '88675b486b5ff5365e35f523399be5c0') in 0.022904 seconds 
  Import took 0.029168 seconds .

========================================================================
Received Import Request.
  Time since last request: 0.000358 seconds.
  path: Assets/SteamVR/InteractionSystem/Samples/Textures/TargetLO_target_Normal.png
  artifactKey: Guid(065a5d485ea153f4581883639e62f352) Importer(815301076,1909f56bfc062723c751e8b465ee728b)
Start importing Assets/SteamVR/InteractionSystem/Samples/Textures/TargetLO_target_Normal.png using Guid(065a5d485ea153f4581883639e62f352) Importer(815301076,1909f56bfc062723c751e8b465ee728b)  -> (artifact id: 'f52b9e5dfc2bfdb5002de89a0f5d274c') in 0.028607 seconds 
  Import took 0.032745 seconds .

========================================================================
Received Import Request.
  Time since last request: 0.000350 seconds.
  path: Assets/SteamVR/Models/Materials/vr_glove_color.jpg
  artifactKey: Guid(376598f82a9237644a365fa0cc9e873a) Importer(815301076,1909f56bfc062723c751e8b465ee728b)
Start importing Assets/SteamVR/Models/Materials/vr_glove_color.jpg using Guid(376598f82a9237644a365fa0cc9e873a) Importer(815301076,1909f56bfc062723c751e8b465ee728b)  -> (artifact id: '79b004e69139bd40b9c3195810f8667f') in 0.020936 seconds 
  Import took 0.025755 seconds .

========================================================================
Received Import Request.
  Time since last request: 128.044345 seconds.
  path: Assets/Museum/little-knight/waijia_SG_roughness.png
  artifactKey: Guid(5c82187161555e944a051282ca0edfc7) Importer(815301076,1909f56bfc062723c751e8b465ee728b)
Start importing Assets/Museum/little-knight/waijia_SG_roughness.png using Guid(5c82187161555e944a051282ca0edfc7) Importer(815301076,1909f56bfc062723c751e8b465ee728b)  -> (artifact id: '880dfca03f8d612c48e2875aa322c73d') in 0.025959 seconds 
  Import took 0.031206 seconds .

========================================================================
Received Prepare
Registering precompiled user dll's ...
Registered in 0.015357 seconds.
Begin MonoManager ReloadAssembly
Native extension for WindowsStandalone target not found
Native extension for WebGL target not found
Refreshing native plugins compatible for Editor in 0.91 ms, found 5 plugins.
Preloading 0 native plugins for Editor in 0.00 ms.
Mono: successfully reloaded assembly
- Completed reload, in  1.872 seconds
Domain Reload Profiling:
	ReloadAssembly (1873ms)
		BeginReloadAssembly (621ms)
			ExecutionOrderSort (0ms)
			DisableScriptedObjects (42ms)
			BackupInstance (0ms)
			ReleaseScriptingObjects (0ms)
			CreateAndSetChildDomain (429ms)
		EndReloadAssembly (1156ms)
			LoadAssemblies (207ms)
			RebuildTransferFunctionScriptingTraits (0ms)
			SetupTypeCache (534ms)
			ReleaseScriptCaches (3ms)
			RebuildScriptCaches (40ms)
			SetupLoadedEditorAssemblies (296ms)
				LogAssemblyErrors (0ms)
				InitializePlatformSupportModulesInManaged (7ms)
				SetLoadedEditorAssemblies (1ms)
				RefreshPlugins (1ms)
				BeforeProcessingInitializeOnLoad (74ms)
				ProcessInitializeOnLoadAttributes (203ms)
				ProcessInitializeOnLoadMethodAttributes (8ms)
				AfterProcessingInitializeOnLoad (2ms)
				EditorAssembliesLoaded (0ms)
			ExecutionOrderSort2 (0ms)
			AwakeInstancesAfterBackupRestoration (7ms)
Platform modules already initialized, skipping
Refreshing native plugins compatible for Editor in 0.69 ms, found 5 plugins.
Preloading 0 native plugins for Editor in 0.00 ms.
Unloading 1788 Unused Serialized files (Serialized files now loaded: 0)
System memory in use before: 97.9 MB.
System memory in use after: 98.0 MB.

Unloading 17 unused Assets to reduce memory usage. Loaded Objects now: 2329.
Total: 11.087200 ms (FindLiveObjects: 0.348800 ms CreateObjectMapping: 0.194700 ms MarkObjects: 9.542000 ms  DeleteObjects: 0.997500 ms)

AssetImportParameters requested are different than current active one (requested -> active):
  custom:framework-win-MediaFoundation: 216162199b28c13a410421893ffa2e32 -> 
  custom:video-decoder-ogg-theora: a1e56fd34408186e4bbccfd4996cb3dc -> 
  custom:container-muxer-webm: aa71ff27fc2769a1b78a27578f13a17b -> 
  custom:container-demuxer-webm: 4f35f7cbe854078d1ac9338744f61a02 -> 
  custom:container-demuxer-ogg: 62fdf1f143b41e24485cea50d1cbac27 -> 
  custom:video-encoder-webm-vp8: eb34c28f22e8b96e1ab97ce403110664 -> 
  custom:video-decoder-webm-vp8: 9c59270c3fd7afecdb556c50c9e8de78 -> 
  custom:audio-decoder-ogg-vorbis: bf7c407c2cedff20999df2af8eb42d56 -> 
  custom:audio-encoder-webm-vorbis: bf7c407c2cedff20999df2af8eb42d56 -> 
========================================================================
Received Import Request.
  Time since last request: 1774.477368 seconds.
  path: Assets/Museum/little-knight/Textures
  artifactKey: Guid(8b1e19bf9eed1394397896f0ea306336) Importer(815301076,1909f56bfc062723c751e8b465ee728b)
Start importing Assets/Museum/little-knight/Textures using Guid(8b1e19bf9eed1394397896f0ea306336) Importer(815301076,1909f56bfc062723c751e8b465ee728b)  -> (artifact id: '96996a6e38d2ceb17b32d084ea0a8f8a') in 0.353300 seconds 
  Import took 0.730485 seconds .

========================================================================
Received Import Request.
  Time since last request: 12.725766 seconds.
  path: Assets/Museum/little-knight/Materials
  artifactKey: Guid(50c93505b5f9cc342a4a6658225da2ad) Importer(815301076,1909f56bfc062723c751e8b465ee728b)
Start importing Assets/Museum/little-knight/Materials using Guid(50c93505b5f9cc342a4a6658225da2ad) Importer(815301076,1909f56bfc062723c751e8b465ee728b)  -> (artifact id: 'aefd749d6201c77e4e85fc21626bb072') in 0.013220 seconds 
  Import took 0.018578 seconds .

AssetImportWorkerClient::OnTransportError - code=2 error=End of file
