Using pre-set license
Built from '2020.3/staging' branch; Version is '2020.3.23f1 (c5d91304a876) revision 12966163'; Using compiler version '192528614'; Build Type 'Release'
OS: 'Windows 10 Pro; OS build 19041.1348; Version 2004; 64bit' Language: 'en' Physical Memory: 8042 MB
BatchMode: 1, IsHumanControllingUs: 0, StartBugReporterOnCrash: 0, Is64bit: 1, IsPro: 0

COMMAND LINE ARGUMENTS:
D:\Unity\Editor\2020.3.23f1\Editor\Unity.exe
-adb2
-batchMode
-noUpm
-name
AssetImportWorker0
-projectPath
D:/Unity/Projects/VR stuff
-logFile
Logs/AssetImportWorker0.log
-srvPort
63799
Successfully changed project path to: D:/Unity/Projects/VR stuff
D:/Unity/Projects/VR stuff
Using Asset Import Pipeline V2.
Refreshing native plugins compatible for Editor in 84.88 ms, found 5 plugins.
Preloading 0 native plugins for Editor in 0.00 ms.
Initialize engine version: 2020.3.23f1 (c5d91304a876)
[Subsystems] Discovering subsystems at path D:/Unity/Editor/2020.3.23f1/Editor/Data/Resources/UnitySubsystems
[Subsystems] Discovering subsystems at path D:/Unity/Projects/VR stuff/Assets
GfxDevice: creating device client; threaded=0
Direct3D:
    Version:  Direct3D 11.0 [level 11.1]
    Renderer: NVIDIA GeForce GTX 1650 (ID=0x1f91)
    Vendor:   
    VRAM:     3962 MB
    Driver:   30.0.14.9676
Initialize mono
Mono path[0] = 'D:/Unity/Editor/2020.3.23f1/Editor/Data/Managed'
Mono path[1] = 'D:/Unity/Editor/2020.3.23f1/Editor/Data/MonoBleedingEdge/lib/mono/unityjit'
Mono config path = 'D:/Unity/Editor/2020.3.23f1/Editor/Data/MonoBleedingEdge/etc'
Using monoOptions --debugger-agent=transport=dt_socket,embedding=1,server=y,suspend=n,address=127.0.0.1:56352
Begin MonoManager ReloadAssembly
Registering precompiled unity dll's ...
Register platform support module: D:/Unity/Editor/2020.3.23f1/Editor/Data/PlaybackEngines/WebGLSupport/UnityEditor.WebGL.Extensions.dll
Register platform support module: D:/Unity/Editor/2020.3.23f1/Editor/Data/PlaybackEngines/WindowsStandaloneSupport/UnityEditor.WindowsStandalone.Extensions.dll
Registered in 0.004380 seconds.
Native extension for WindowsStandalone target not found
Native extension for WebGL target not found
Refreshing native plugins compatible for Editor in 38.65 ms, found 5 plugins.
Preloading 0 native plugins for Editor in 0.00 ms.
Mono: successfully reloaded assembly
- Completed reload, in  0.698 seconds
Domain Reload Profiling:
	ReloadAssembly (699ms)
		BeginReloadAssembly (103ms)
			ExecutionOrderSort (0ms)
			DisableScriptedObjects (0ms)
			BackupInstance (0ms)
			ReleaseScriptingObjects (0ms)
			CreateAndSetChildDomain (3ms)
		EndReloadAssembly (497ms)
			LoadAssemblies (100ms)
			RebuildTransferFunctionScriptingTraits (0ms)
			SetupTypeCache (159ms)
			ReleaseScriptCaches (0ms)
			RebuildScriptCaches (31ms)
			SetupLoadedEditorAssemblies (184ms)
				LogAssemblyErrors (0ms)
				InitializePlatformSupportModulesInManaged (5ms)
				SetLoadedEditorAssemblies (0ms)
				RefreshPlugins (39ms)
				BeforeProcessingInitializeOnLoad (19ms)
				ProcessInitializeOnLoadAttributes (90ms)
				ProcessInitializeOnLoadMethodAttributes (31ms)
				AfterProcessingInitializeOnLoad (0ms)
				EditorAssembliesLoaded (0ms)
			ExecutionOrderSort2 (0ms)
			AwakeInstancesAfterBackupRestoration (0ms)
Platform modules already initialized, skipping
Registering precompiled user dll's ...
Registered in 0.019258 seconds.
Begin MonoManager ReloadAssembly
Native extension for WindowsStandalone target not found
Native extension for WebGL target not found
Refreshing native plugins compatible for Editor in 0.52 ms, found 5 plugins.
Preloading 0 native plugins for Editor in 0.00 ms.
Mono: successfully reloaded assembly
- Completed reload, in  1.154 seconds
Domain Reload Profiling:
	ReloadAssembly (1155ms)
		BeginReloadAssembly (147ms)
			ExecutionOrderSort (0ms)
			DisableScriptedObjects (4ms)
			BackupInstance (0ms)
			ReleaseScriptingObjects (0ms)
			CreateAndSetChildDomain (19ms)
		EndReloadAssembly (955ms)
			LoadAssemblies (138ms)
			RebuildTransferFunctionScriptingTraits (0ms)
			SetupTypeCache (342ms)
			ReleaseScriptCaches (0ms)
			RebuildScriptCaches (47ms)
			SetupLoadedEditorAssemblies (337ms)
				LogAssemblyErrors (0ms)
				InitializePlatformSupportModulesInManaged (5ms)
				SetLoadedEditorAssemblies (0ms)
				RefreshPlugins (1ms)
				BeforeProcessingInitializeOnLoad (79ms)
				ProcessInitializeOnLoadAttributes (235ms)
				ProcessInitializeOnLoadMethodAttributes (14ms)
				AfterProcessingInitializeOnLoad (2ms)
				EditorAssembliesLoaded (0ms)
			ExecutionOrderSort2 (0ms)
			AwakeInstancesAfterBackupRestoration (6ms)
Platform modules already initialized, skipping
========================================================================
Worker process is ready to serve import requests
Launched and connected shader compiler UnityShaderCompiler.exe after 0.08 seconds
Refreshing native plugins compatible for Editor in 0.77 ms, found 5 plugins.
Preloading 0 native plugins for Editor in 0.00 ms.
Unloading 1814 Unused Serialized files (Serialized files now loaded: 0)
System memory in use before: 81.7 MB.
System memory in use after: 81.8 MB.

Unloading 22 unused Assets to reduce memory usage. Loaded Objects now: 2253.
Total: 7.999500 ms (FindLiveObjects: 0.216700 ms CreateObjectMapping: 0.062700 ms MarkObjects: 6.970600 ms  DeleteObjects: 0.747700 ms)

AssetImportParameters requested are different than current active one (requested -> active):
  custom:framework-win-MediaFoundation: 216162199b28c13a410421893ffa2e32 -> 
  custom:video-decoder-ogg-theora: a1e56fd34408186e4bbccfd4996cb3dc -> 
  custom:container-muxer-webm: aa71ff27fc2769a1b78a27578f13a17b -> 
  custom:container-demuxer-webm: 4f35f7cbe854078d1ac9338744f61a02 -> 
  custom:container-demuxer-ogg: 62fdf1f143b41e24485cea50d1cbac27 -> 
  custom:video-encoder-webm-vp8: eb34c28f22e8b96e1ab97ce403110664 -> 
  custom:video-decoder-webm-vp8: 9c59270c3fd7afecdb556c50c9e8de78 -> 
  custom:audio-decoder-ogg-vorbis: bf7c407c2cedff20999df2af8eb42d56 -> 
  custom:audio-encoder-webm-vorbis: bf7c407c2cedff20999df2af8eb42d56 -> 
========================================================================
Received Import Request.
  path: Assets/Museum/little-knight/wuqishader_ao.png
  artifactKey: Guid(b28bd1d8cf8e74f479d867154fa6346c) Importer(815301076,1909f56bfc062723c751e8b465ee728b)
Start importing Assets/Museum/little-knight/wuqishader_ao.png using Guid(b28bd1d8cf8e74f479d867154fa6346c) Importer(815301076,1909f56bfc062723c751e8b465ee728b)  -> (artifact id: '9280a3e9f7fe22021ed7075474c44284') in 0.112641 seconds 
  Import took 0.116310 seconds .

========================================================================
Received Import Request.
  Time since last request: 0.000630 seconds.
  path: Assets/Museum/little-knight/wuqishader_roughness.png
  artifactKey: Guid(55cf9bbf9398e4544bc5d954f5ef7afd) Importer(815301076,1909f56bfc062723c751e8b465ee728b)
Start importing Assets/Museum/little-knight/wuqishader_roughness.png using Guid(55cf9bbf9398e4544bc5d954f5ef7afd) Importer(815301076,1909f56bfc062723c751e8b465ee728b)  -> (artifact id: '966db04e96be9916723ed5183fd03ebc') in 0.024425 seconds 
  Import took 0.028177 seconds .

========================================================================
Received Import Request.
  Time since last request: 0.000305 seconds.
  path: Assets/Museum/little-knight/waijia_SG_metallic.png
  artifactKey: Guid(9a034cc02bf60e6459b526a39ce983ab) Importer(815301076,1909f56bfc062723c751e8b465ee728b)
Start importing Assets/Museum/little-knight/waijia_SG_metallic.png using Guid(9a034cc02bf60e6459b526a39ce983ab) Importer(815301076,1909f56bfc062723c751e8b465ee728b)  -> (artifact id: '11fe7ecd13544883008d00938571f4cb') in 0.023405 seconds 
  Import took 0.026460 seconds .

========================================================================
Received Import Request.
  Time since last request: 0.000270 seconds.
  path: Assets/Museum/little-knight/wuqishader_metallic.png
  artifactKey: Guid(34e3a4f4d803c194eb12c783048efd32) Importer(815301076,1909f56bfc062723c751e8b465ee728b)
Start importing Assets/Museum/little-knight/wuqishader_metallic.png using Guid(34e3a4f4d803c194eb12c783048efd32) Importer(815301076,1909f56bfc062723c751e8b465ee728b)  -> (artifact id: '13174f55b17c5f67eba9593560a21b38') in 0.021379 seconds 
  Import took 0.025534 seconds .

========================================================================
Received Import Request.
  Time since last request: 0.000384 seconds.
  path: Assets/Museum/little-knight/rentibuiao_SG_metallic.png
  artifactKey: Guid(63349a91686c56746beaa7ad9d127382) Importer(815301076,1909f56bfc062723c751e8b465ee728b)
Start importing Assets/Museum/little-knight/rentibuiao_SG_metallic.png using Guid(63349a91686c56746beaa7ad9d127382) Importer(815301076,1909f56bfc062723c751e8b465ee728b)  -> (artifact id: 'b129de3b04ff0a0940e6a67a86fb05c0') in 0.020694 seconds 
  Import took 0.024677 seconds .

========================================================================
Received Import Request.
  Time since last request: 0.000317 seconds.
  path: Assets/Museum/little-knight/rentibuiao_SG_normal.png
  artifactKey: Guid(062dd91e7e2477c48a23ab3f62a98657) Importer(815301076,1909f56bfc062723c751e8b465ee728b)
Start importing Assets/Museum/little-knight/rentibuiao_SG_normal.png using Guid(062dd91e7e2477c48a23ab3f62a98657) Importer(815301076,1909f56bfc062723c751e8b465ee728b)  -> (artifact id: '39f37251edc05af673d6702e0b65b8f9') in 0.023057 seconds 
  Import took 0.026811 seconds .

========================================================================
Received Import Request.
  Time since last request: 0.000481 seconds.
  path: Assets/Museum/little-knight/rentibuiao_SG_ao.png
  artifactKey: Guid(a139a7aa73f9b52448e7be1ea44d4f71) Importer(815301076,1909f56bfc062723c751e8b465ee728b)
Start importing Assets/Museum/little-knight/rentibuiao_SG_ao.png using Guid(a139a7aa73f9b52448e7be1ea44d4f71) Importer(815301076,1909f56bfc062723c751e8b465ee728b)  -> (artifact id: 'ef8f8c594aec008f4fa1dbc327ef2a1d') in 0.018316 seconds 
  Import took 0.024669 seconds .

========================================================================
Received Import Request.
  Time since last request: 0.000360 seconds.
  path: Assets/Museum/little-knight/wuqishader_basecolor.png
  artifactKey: Guid(328758f916b12c44481b7e138b61b3ea) Importer(815301076,1909f56bfc062723c751e8b465ee728b)
Start importing Assets/Museum/little-knight/wuqishader_basecolor.png using Guid(328758f916b12c44481b7e138b61b3ea) Importer(815301076,1909f56bfc062723c751e8b465ee728b)  -> (artifact id: '2e9cfcca10056f4b11d67972ecf92267') in 0.021904 seconds 
  Import took 0.026866 seconds .

========================================================================
Received Import Request.
  Time since last request: 0.000369 seconds.
  path: Assets/Museum/little-knight/wuqishader_normal.png
  artifactKey: Guid(ab34dede71474b74180eb4f328b21b10) Importer(815301076,1909f56bfc062723c751e8b465ee728b)
Start importing Assets/Museum/little-knight/wuqishader_normal.png using Guid(ab34dede71474b74180eb4f328b21b10) Importer(815301076,1909f56bfc062723c751e8b465ee728b)  -> (artifact id: '4c3f12150669c7c401ba53bf18b3a3a7') in 0.016803 seconds 
  Import took 0.020581 seconds .

========================================================================
Received Import Request.
  Time since last request: 0.000362 seconds.
  path: Assets/Museum/little-knight/LittleKnight.fbx
  artifactKey: Guid(4cd000ef788cdb14abefbb86d2429739) Importer(815301076,1909f56bfc062723c751e8b465ee728b)
Start importing Assets/Museum/little-knight/LittleKnight.fbx using Guid(4cd000ef788cdb14abefbb86d2429739) Importer(815301076,1909f56bfc062723c751e8b465ee728b)  -> (artifact id: '0e85fe1461d4476d564d1774b18e7141') in 0.300846 seconds 
  Import took 0.305668 seconds .

========================================================================
Received Import Request.
  Time since last request: 0.000334 seconds.
  path: Assets/Museum/little-knight/waijia_SG_normal.png
  artifactKey: Guid(b9908460d30e48c409a01a24ddd898f6) Importer(815301076,1909f56bfc062723c751e8b465ee728b)
Start importing Assets/Museum/little-knight/waijia_SG_normal.png using Guid(b9908460d30e48c409a01a24ddd898f6) Importer(815301076,1909f56bfc062723c751e8b465ee728b)  -> (artifact id: 'fb085948f149232c35b034727dd3eba7') in 0.019285 seconds 
  Import took 0.024424 seconds .

========================================================================
Received Import Request.
  Time since last request: 0.000343 seconds.
  path: Assets/Museum/little-knight/wuqi.png
  artifactKey: Guid(2421237c03e287a478e3a7056d7456ce) Importer(815301076,1909f56bfc062723c751e8b465ee728b)
Start importing Assets/Museum/little-knight/wuqi.png using Guid(2421237c03e287a478e3a7056d7456ce) Importer(815301076,1909f56bfc062723c751e8b465ee728b)  -> (artifact id: '3ca9d03305813f88c19bed5af1ac1e63') in 0.016004 seconds 
  Import took 0.021059 seconds .

========================================================================
Received Import Request.
  Time since last request: 0.000368 seconds.
  path: Assets/Museum/little-knight/rentibuiao_SG_emissive.png
  artifactKey: Guid(6a9446a7745095441acd377805edbf3b) Importer(815301076,1909f56bfc062723c751e8b465ee728b)
Start importing Assets/Museum/little-knight/rentibuiao_SG_emissive.png using Guid(6a9446a7745095441acd377805edbf3b) Importer(815301076,1909f56bfc062723c751e8b465ee728b)  -> (artifact id: 'e90f200d551ecbb508407e79caa18833') in 0.023332 seconds 
  Import took 0.029976 seconds .

========================================================================
Received Import Request.
  Time since last request: 0.000348 seconds.
  path: Assets/Museum/little-knight/waijia_SG_height.png
  artifactKey: Guid(3e82e6734877c454ea1ab92fac0aaf6f) Importer(815301076,1909f56bfc062723c751e8b465ee728b)
Start importing Assets/Museum/little-knight/waijia_SG_height.png using Guid(3e82e6734877c454ea1ab92fac0aaf6f) Importer(815301076,1909f56bfc062723c751e8b465ee728b)  -> (artifact id: '8ec885ec5872d541f9aa0bac36cb6b9b') in 0.021304 seconds 
  Import took 0.029827 seconds .

========================================================================
Received Import Request.
  Time since last request: 0.000400 seconds.
  path: Assets/Museum/little-knight/wuqishader_height.png
  artifactKey: Guid(d4d6896031590734d9264af8b8f1d001) Importer(815301076,1909f56bfc062723c751e8b465ee728b)
Start importing Assets/Museum/little-knight/wuqishader_height.png using Guid(d4d6896031590734d9264af8b8f1d001) Importer(815301076,1909f56bfc062723c751e8b465ee728b)  -> (artifact id: '2a2853fefa384574fa7cfaed497a9016') in 0.022441 seconds 
  Import took 0.028812 seconds .

========================================================================
Received Import Request.
  Time since last request: 0.000369 seconds.
  path: Assets/Museum/little-knight/rentibuiao_SG_height.png
  artifactKey: Guid(180f5517b01bb3e4a93911d4b4851934) Importer(815301076,1909f56bfc062723c751e8b465ee728b)
Start importing Assets/Museum/little-knight/rentibuiao_SG_height.png using Guid(180f5517b01bb3e4a93911d4b4851934) Importer(815301076,1909f56bfc062723c751e8b465ee728b)  -> (artifact id: '6f9be9df9df01a2e284e3d22fbdb184a') in 0.027316 seconds 
  Import took 0.032649 seconds .

========================================================================
Received Import Request.
  Time since last request: 0.000339 seconds.
  path: Assets/Museum/little-knight/rentibuiao_SG_roughness.png
  artifactKey: Guid(9782e21f4596e7b4f95aaf7cbbf76804) Importer(815301076,1909f56bfc062723c751e8b465ee728b)
Start importing Assets/Museum/little-knight/rentibuiao_SG_roughness.png using Guid(9782e21f4596e7b4f95aaf7cbbf76804) Importer(815301076,1909f56bfc062723c751e8b465ee728b)  -> (artifact id: '6b35454409dc820c6bdb2512a316f12d') in 0.025309 seconds 
  Import took 0.031466 seconds .

========================================================================
Received Import Request.
  Time since last request: 0.000326 seconds.
  path: Assets/Museum/little-knight/waijia_SG_roughness.png
  artifactKey: Guid(5c82187161555e944a051282ca0edfc7) Importer(815301076,1909f56bfc062723c751e8b465ee728b)
Start importing Assets/Museum/little-knight/waijia_SG_roughness.png using Guid(5c82187161555e944a051282ca0edfc7) Importer(815301076,1909f56bfc062723c751e8b465ee728b)  -> (artifact id: '3d3750d41758065bd9c9b3db99cd3b48') in 0.020999 seconds 
  Import took 0.028299 seconds .

========================================================================
Received Import Request.
  Time since last request: 0.000954 seconds.
  path: Assets/Museum/little-knight/wuqishader_emissive.png
  artifactKey: Guid(a028dd03bfbb28f478c2b70debbf56de) Importer(815301076,1909f56bfc062723c751e8b465ee728b)
Start importing Assets/Museum/little-knight/wuqishader_emissive.png using Guid(a028dd03bfbb28f478c2b70debbf56de) Importer(815301076,1909f56bfc062723c751e8b465ee728b)  -> (artifact id: '56621eec8f7cafb9b8b05db080a4db69') in 0.020380 seconds 
  Import took 0.025520 seconds .

========================================================================
Received Import Request.
  Time since last request: 0.000466 seconds.
  path: Assets/Museum/little-knight/rentibuiao_SG_basecolor.png
  artifactKey: Guid(3ab46cef715519149b4f3413101e4b3c) Importer(815301076,1909f56bfc062723c751e8b465ee728b)
Start importing Assets/Museum/little-knight/rentibuiao_SG_basecolor.png using Guid(3ab46cef715519149b4f3413101e4b3c) Importer(815301076,1909f56bfc062723c751e8b465ee728b)  -> (artifact id: '6720602bc495d95359ed2c61afd15fab') in 0.019242 seconds 
  Import took 0.026843 seconds .

========================================================================
Received Import Request.
  Time since last request: 0.000403 seconds.
  path: Assets/Museum/little-knight/waijia_SG_ao.png
  artifactKey: Guid(93d311d676de60944907f6f89664971c) Importer(815301076,1909f56bfc062723c751e8b465ee728b)
Start importing Assets/Museum/little-knight/waijia_SG_ao.png using Guid(93d311d676de60944907f6f89664971c) Importer(815301076,1909f56bfc062723c751e8b465ee728b)  -> (artifact id: '3bebe2d184556532bb0ed51d9b2fc195') in 0.020237 seconds 
  Import took 0.025887 seconds .

========================================================================
Received Import Request.
  Time since last request: 0.000374 seconds.
  path: Assets/Museum/little-knight/waijia_SG_basecolor.png
  artifactKey: Guid(312d079ffd11dfc4789a65b7cdc0793a) Importer(815301076,1909f56bfc062723c751e8b465ee728b)
Start importing Assets/Museum/little-knight/waijia_SG_basecolor.png using Guid(312d079ffd11dfc4789a65b7cdc0793a) Importer(815301076,1909f56bfc062723c751e8b465ee728b)  -> (artifact id: '18a569808a1af887b30bbbd9bacf30bc') in 0.029770 seconds 
  Import took 0.034172 seconds .

========================================================================
Received Import Request.
  Time since last request: 102.284557 seconds.
  path: Assets/Museum/little-knight/Prefab
  artifactKey: Guid(aa38fb3d045785e49983d2d1323176e9) Importer(815301076,1909f56bfc062723c751e8b465ee728b)
Start importing Assets/Museum/little-knight/Prefab using Guid(aa38fb3d045785e49983d2d1323176e9) Importer(815301076,1909f56bfc062723c751e8b465ee728b)  -> (artifact id: 'edfcd2de43bd182baa0738da9e3ea996') in 0.005354 seconds 
  Import took 0.010648 seconds .

========================================================================
Received Import Request.
  Time since last request: 7.117313 seconds.
  path: Assets/Museum/little-knight/Prefab/LittleKnight.prefab
  artifactKey: Guid(581eddfdde0af234087a06653abad384) Importer(815301076,1909f56bfc062723c751e8b465ee728b)
Start importing Assets/Museum/little-knight/Prefab/LittleKnight.prefab using Guid(581eddfdde0af234087a06653abad384) Importer(815301076,1909f56bfc062723c751e8b465ee728b)  -> (artifact id: 'a4be399f36c836119052d71e8d255a40') in 0.031053 seconds 
  Import took 0.035629 seconds .

========================================================================
Received Import Request.
  Time since last request: 39.295043 seconds.
  path: Assets/Museum/little-knight/LittleKnight.fbx
  artifactKey: Guid(4cd000ef788cdb14abefbb86d2429739) Importer(815301076,1909f56bfc062723c751e8b465ee728b)
Start importing Assets/Museum/little-knight/LittleKnight.fbx using Guid(4cd000ef788cdb14abefbb86d2429739) Importer(815301076,1909f56bfc062723c751e8b465ee728b)  -> (artifact id: '7f40d8f106b262ca0be9ceb598c35134') in 0.203935 seconds 
  Import took 0.210596 seconds .

========================================================================
Received Import Request.
  Time since last request: 9.325514 seconds.
  path: Assets/Museum/little-knight/Prefab/AR_wuqishaderSG.mat
  artifactKey: Guid(388015d3bc4d5104183f2772fb130ec8) Importer(815301076,1909f56bfc062723c751e8b465ee728b)
Start importing Assets/Museum/little-knight/Prefab/AR_wuqishaderSG.mat using Guid(388015d3bc4d5104183f2772fb130ec8) Importer(815301076,1909f56bfc062723c751e8b465ee728b)  -> (artifact id: '70718c013dcc3a7d92b20755d6958918') in 0.060895 seconds 
  Import took 0.067285 seconds .

========================================================================
Received Import Request.
  Time since last request: 0.000257 seconds.
  path: Assets/Museum/little-knight/Prefab/juese_OK_AR_rentibuiao_SGSG.mat
  artifactKey: Guid(f2ee8d3f8fe3e564c9571d9dbe2a4d09) Importer(815301076,1909f56bfc062723c751e8b465ee728b)
Start importing Assets/Museum/little-knight/Prefab/juese_OK_AR_rentibuiao_SGSG.mat using Guid(f2ee8d3f8fe3e564c9571d9dbe2a4d09) Importer(815301076,1909f56bfc062723c751e8b465ee728b)  -> (artifact id: 'ae50401e355d3d4be6bcee1c14f2066d') in 0.022749 seconds 
  Import took 0.029576 seconds .

========================================================================
Received Import Request.
  Time since last request: 0.000434 seconds.
  path: Assets/Museum/little-knight/Prefab/juese_OK_AR_waijia_SGSG.mat
  artifactKey: Guid(3b1173d288fae2f4a8eedffb19105565) Importer(815301076,1909f56bfc062723c751e8b465ee728b)
Start importing Assets/Museum/little-knight/Prefab/juese_OK_AR_waijia_SGSG.mat using Guid(3b1173d288fae2f4a8eedffb19105565) Importer(815301076,1909f56bfc062723c751e8b465ee728b)  -> (artifact id: '857d96bd0c1f5699a39be866ffd37c83') in 0.018699 seconds 
  Import took 0.025625 seconds .

========================================================================
Received Import Request.
  Time since last request: 236.415108 seconds.
  path: Assets/Museum/little-knight/rentibuiao_SG_normal.png
  artifactKey: Guid(062dd91e7e2477c48a23ab3f62a98657) Importer(815301076,1909f56bfc062723c751e8b465ee728b)
Start importing Assets/Museum/little-knight/rentibuiao_SG_normal.png using Guid(062dd91e7e2477c48a23ab3f62a98657) Importer(815301076,1909f56bfc062723c751e8b465ee728b)  -> (artifact id: 'e2ce4cb09669256eb525c9b96b3577bc') in 0.025330 seconds 
  Import took 0.029181 seconds .

========================================================================
Received Import Request.
  Time since last request: 202.591733 seconds.
  path: Assets/Museum/little-knight/waijia_SG_normal.png
  artifactKey: Guid(b9908460d30e48c409a01a24ddd898f6) Importer(815301076,1909f56bfc062723c751e8b465ee728b)
Start importing Assets/Museum/little-knight/waijia_SG_normal.png using Guid(b9908460d30e48c409a01a24ddd898f6) Importer(815301076,1909f56bfc062723c751e8b465ee728b)  -> (artifact id: '7e41a547da9822aff670ffcb0770c991') in 0.033084 seconds 
  Import took 0.037447 seconds .

========================================================================
Received Import Request.
  Time since last request: 64.762651 seconds.
  path: Assets/Museum/little-knight/wuqishader_normal.png
  artifactKey: Guid(ab34dede71474b74180eb4f328b21b10) Importer(815301076,1909f56bfc062723c751e8b465ee728b)
Start importing Assets/Museum/little-knight/wuqishader_normal.png using Guid(ab34dede71474b74180eb4f328b21b10) Importer(815301076,1909f56bfc062723c751e8b465ee728b)  -> (artifact id: 'a3ea96d52b2e30adb2b317e8f6d31796') in 0.031952 seconds 
  Import took 0.036889 seconds .

========================================================================
Received Import Request.
  Time since last request: 174.489346 seconds.
  path: Assets/SteamVR/InteractionSystem/Samples/Interactions_Example/LightingData.asset
  artifactKey: Guid(08f1e4823ecc8234e88f2849f3d9b2cc) Importer(815301076,1909f56bfc062723c751e8b465ee728b)
Start importing Assets/SteamVR/InteractionSystem/Samples/Interactions_Example/LightingData.asset using Guid(08f1e4823ecc8234e88f2849f3d9b2cc) Importer(815301076,1909f56bfc062723c751e8b465ee728b) Lighting data asset ‘LightingData’ is incompatible with the current Unity version. Please use Generate Lighting to rebuild the lighting data.  Realtime Global Illumination cannot be used until the lighting data is rebuilt.
 -> (artifact id: '6b958198f0b4405d4334047fa58b39ee') in 0.014838 seconds 
  Import took 0.019373 seconds .

========================================================================
Received Import Request.
  Time since last request: 895.387487 seconds.
  path: Assets/Museum/little-knight/LittleKnight1.fbx
  artifactKey: Guid(2c8f13921fa10234da8aea5ce891ac45) Importer(815301076,1909f56bfc062723c751e8b465ee728b)
Start importing Assets/Museum/little-knight/LittleKnight1.fbx using Guid(2c8f13921fa10234da8aea5ce891ac45) Importer(815301076,1909f56bfc062723c751e8b465ee728b)  -> (artifact id: 'e124985e4b7855914a3a23e3122dfd5a') in 0.397488 seconds 
  Import took 0.404867 seconds .

========================================================================
Received Import Request.
  Time since last request: 112.670469 seconds.
  path: Assets/Museum/little-knight/LittleKnight1.fbx
  artifactKey: Guid(2c8f13921fa10234da8aea5ce891ac45) Importer(815301076,1909f56bfc062723c751e8b465ee728b)
Start importing Assets/Museum/little-knight/LittleKnight1.fbx using Guid(2c8f13921fa10234da8aea5ce891ac45) Importer(815301076,1909f56bfc062723c751e8b465ee728b)  -> (artifact id: '0767dac9dcca69b0b8f829fe303f3d74') in 0.261848 seconds 
  Import took 0.289160 seconds .

========================================================================
Received Import Request.
  Time since last request: 60.087463 seconds.
  path: Assets/Museum/little-knight/LittleKnight1.fbx
  artifactKey: Guid(2c8f13921fa10234da8aea5ce891ac45) Importer(815301076,1909f56bfc062723c751e8b465ee728b)
Start importing Assets/Museum/little-knight/LittleKnight1.fbx using Guid(2c8f13921fa10234da8aea5ce891ac45) Importer(815301076,1909f56bfc062723c751e8b465ee728b)  -> (artifact id: '5df6af98ca42df826b890e2aad5ca2d3') in 0.166623 seconds 
  Import took 0.172291 seconds .

========================================================================
Received Import Request.
  Time since last request: 67.446789 seconds.
  path: Assets/Museum/little-knight/Prefab/LittleKnight1.prefab
  artifactKey: Guid(6f54e3ca24b17c84bb6b31e9acb5eb92) Importer(815301076,1909f56bfc062723c751e8b465ee728b)
Start importing Assets/Museum/little-knight/Prefab/LittleKnight1.prefab using Guid(6f54e3ca24b17c84bb6b31e9acb5eb92) Importer(815301076,1909f56bfc062723c751e8b465ee728b)  -> (artifact id: '4291a48905492b59ecee09e09f9795d0') in 0.048689 seconds 
  Import took 0.057637 seconds .

========================================================================
Received Import Request.
  Time since last request: 110.288205 seconds.
  path: Assets/Museum/little-knight/Prefab/LittleKnightController.controller
  artifactKey: Guid(35e462dcccb36504eadd8e44982cd4b6) Importer(815301076,1909f56bfc062723c751e8b465ee728b)
Start importing Assets/Museum/little-knight/Prefab/LittleKnightController.controller using Guid(35e462dcccb36504eadd8e44982cd4b6) Importer(815301076,1909f56bfc062723c751e8b465ee728b)  -> (artifact id: '7eecd80d11d598b9916f602640c027e7') in 0.110595 seconds 
  Import took 0.116988 seconds .

========================================================================
Received Import Request.
  Time since last request: 223.455936 seconds.
  path: Assets/Museum/little-knight/Prefab/LittleKnight1.prefab
  artifactKey: Guid(6f54e3ca24b17c84bb6b31e9acb5eb92) Importer(815301076,1909f56bfc062723c751e8b465ee728b)
Start importing Assets/Museum/little-knight/Prefab/LittleKnight1.prefab using Guid(6f54e3ca24b17c84bb6b31e9acb5eb92) Importer(815301076,1909f56bfc062723c751e8b465ee728b)  -> (artifact id: '33cc1464ed20e4f28ff0f3ca18ff7270') in 0.068134 seconds 
  Import took 0.074398 seconds .

========================================================================
Received Import Request.
  Time since last request: 21.471225 seconds.
  path: Assets/SteamVR/InteractionSystem/Samples/JoeJeff/Animation/HumanoidIdle.fbx
  artifactKey: Guid(dffa50cfe77e0434bbfa71245b3dd529) Importer(815301076,1909f56bfc062723c751e8b465ee728b)
Start importing Assets/SteamVR/InteractionSystem/Samples/JoeJeff/Animation/HumanoidIdle.fbx using Guid(dffa50cfe77e0434bbfa71245b3dd529) Importer(815301076,1909f56bfc062723c751e8b465ee728b)  -> (artifact id: '886a8f7ce73f4005483dd772d6787c55') in 0.033239 seconds 
  Import took 0.040205 seconds .

========================================================================
Received Import Request.
  Time since last request: 0.000365 seconds.
  path: Assets/SteamVR/InteractionSystem/Samples/JoeJeff/Animation/HumanoidJumpAndFall.fbx
  artifactKey: Guid(51dd2e4c869794f75a0df7d54b210214) Importer(815301076,1909f56bfc062723c751e8b465ee728b)
Start importing Assets/SteamVR/InteractionSystem/Samples/JoeJeff/Animation/HumanoidJumpAndFall.fbx using Guid(51dd2e4c869794f75a0df7d54b210214) Importer(815301076,1909f56bfc062723c751e8b465ee728b)  -> (artifact id: '5dc3aa2865a91c968ece869bd836f919') in 0.042595 seconds 
  Import took 0.055098 seconds .

========================================================================
Received Import Request.
  Time since last request: 0.000432 seconds.
  path: Assets/SteamVR/InteractionSystem/Samples/JoeJeff/Animation/HumanoidRunTurn.fbx
  artifactKey: Guid(1062212255550964e974f3ffb3cbaae3) Importer(815301076,1909f56bfc062723c751e8b465ee728b)
Start importing Assets/SteamVR/InteractionSystem/Samples/JoeJeff/Animation/HumanoidRunTurn.fbx using Guid(1062212255550964e974f3ffb3cbaae3) Importer(815301076,1909f56bfc062723c751e8b465ee728b)  -> (artifact id: '5245aad61473f05efa8ff97170a810a5') in 0.034994 seconds 
  Import took 0.047565 seconds .

========================================================================
Received Import Request.
  Time since last request: 0.000356 seconds.
  path: Assets/SteamVR/InteractionSystem/Samples/JoeJeff/Animation/HumanoidRun.fbx
  artifactKey: Guid(1cb8ed3cbba15f0479fbae54e0a963df) Importer(815301076,1909f56bfc062723c751e8b465ee728b)
Start importing Assets/SteamVR/InteractionSystem/Samples/JoeJeff/Animation/HumanoidRun.fbx using Guid(1cb8ed3cbba15f0479fbae54e0a963df) Importer(815301076,1909f56bfc062723c751e8b465ee728b)  -> (artifact id: '0e7a540fac0303b01d5ec6839187a326') in 0.037934 seconds 
  Import took 0.044167 seconds .

========================================================================
Received Import Request.
  Time since last request: 0.000418 seconds.
  path: Assets/SteamVR/InteractionSystem/Samples/JoeJeff/Animation/HumanoidMidAir.fbx
  artifactKey: Guid(f03e10c73f30b4ab4aa8ea8f1cc16d36) Importer(815301076,1909f56bfc062723c751e8b465ee728b)
Start importing Assets/SteamVR/InteractionSystem/Samples/JoeJeff/Animation/HumanoidMidAir.fbx using Guid(f03e10c73f30b4ab4aa8ea8f1cc16d36) Importer(815301076,1909f56bfc062723c751e8b465ee728b)  -> (artifact id: '043cfee22b757664b504a28dfac481cd') in 0.027244 seconds 
  Import took 0.036255 seconds .

========================================================================
Received Import Request.
  Time since last request: 0.000570 seconds.
  path: Assets/SteamVR/InteractionSystem/Samples/JoeJeff/Animation/HumanoidIdleJumpUp.fbx
  artifactKey: Guid(0d9d26e2162aa4d11ab075b34c029673) Importer(815301076,1909f56bfc062723c751e8b465ee728b)
Start importing Assets/SteamVR/InteractionSystem/Samples/JoeJeff/Animation/HumanoidIdleJumpUp.fbx using Guid(0d9d26e2162aa4d11ab075b34c029673) Importer(815301076,1909f56bfc062723c751e8b465ee728b)  -> (artifact id: '29f46f80d172f789e3dafc987d1a3a40') in 0.031997 seconds 
  Import took 0.042730 seconds .

========================================================================
Received Import Request.
  Time since last request: 2.340304 seconds.
  path: Assets/SteamVR/InteractionSystem/Samples/JoeJeff/Animation/HumanoidRunTurnSharp.fbx
  artifactKey: Guid(f2bed5dc5afacff44a00de8daae9703b) Importer(815301076,1909f56bfc062723c751e8b465ee728b)
Start importing Assets/SteamVR/InteractionSystem/Samples/JoeJeff/Animation/HumanoidRunTurnSharp.fbx using Guid(f2bed5dc5afacff44a00de8daae9703b) Importer(815301076,1909f56bfc062723c751e8b465ee728b)  -> (artifact id: '6142c983f9bab83593ed6abcc2815734') in 0.029243 seconds 
  Import took 0.036243 seconds .

========================================================================
Received Import Request.
  Time since last request: 0.228254 seconds.
  path: Assets/SteamVR/InteractionSystem/Samples/JoeJeff/Animation/HumanoidWalk.fbx
  artifactKey: Guid(b1a5e04ae51004842aba06704a6c2903) Importer(815301076,1909f56bfc062723c751e8b465ee728b)
Start importing Assets/SteamVR/InteractionSystem/Samples/JoeJeff/Animation/HumanoidWalk.fbx using Guid(b1a5e04ae51004842aba06704a6c2903) Importer(815301076,1909f56bfc062723c751e8b465ee728b)  -> (artifact id: 'a17a40698674f5d674e054937fe6aba2') in 0.020236 seconds 
  Import took 0.028750 seconds .

========================================================================
Received Import Request.
  Time since last request: 0.000474 seconds.
  path: Assets/SteamVR/InteractionSystem/Samples/JoeJeff/Animation/HumanoidWalkTurn.fbx
  artifactKey: Guid(1c52c953c83c2254a9fa72d50250f028) Importer(815301076,1909f56bfc062723c751e8b465ee728b)
Start importing Assets/SteamVR/InteractionSystem/Samples/JoeJeff/Animation/HumanoidWalkTurn.fbx using Guid(1c52c953c83c2254a9fa72d50250f028) Importer(815301076,1909f56bfc062723c751e8b465ee728b)  -> (artifact id: 'bc1a21c74913067af9d40929524c5e78') in 0.027446 seconds 
  Import took 0.032534 seconds .

========================================================================
Received Import Request.
  Time since last request: 0.278858 seconds.
  path: Assets/SteamVR/InteractionSystem/Samples/JoeJeff/Animation/HumanoidWalkTurnSharp.fbx
  artifactKey: Guid(bb141fc9a700c9c4ca7e6dadb8acf24b) Importer(815301076,1909f56bfc062723c751e8b465ee728b)
Start importing Assets/SteamVR/InteractionSystem/Samples/JoeJeff/Animation/HumanoidWalkTurnSharp.fbx using Guid(bb141fc9a700c9c4ca7e6dadb8acf24b) Importer(815301076,1909f56bfc062723c751e8b465ee728b)  -> (artifact id: 'c93d1f6803f30a32b779024f5cf6b772') in 0.072825 seconds 
  Import took 0.104451 seconds .

========================================================================
Received Import Request.
  Time since last request: 0.119552 seconds.
  path: Assets/SteamVR/Models/vr_glove_left_model_slim.fbx
  artifactKey: Guid(65d8eda911e0ba548a3674f65c43308b) Importer(815301076,1909f56bfc062723c751e8b465ee728b)
Start importing Assets/SteamVR/Models/vr_glove_left_model_slim.fbx using Guid(65d8eda911e0ba548a3674f65c43308b) Importer(815301076,1909f56bfc062723c751e8b465ee728b)  -> (artifact id: '0b8c1cf43e9a8bffa4025f3283ca36a5') in 0.133151 seconds 
  Import took 0.143963 seconds .

========================================================================
Received Import Request.
  Time since last request: 0.000328 seconds.
  path: Assets/SteamVR/Models/vr_glove_model.fbx
  artifactKey: Guid(02d2c3f5b5ca1014c8fb700e729167ae) Importer(815301076,1909f56bfc062723c751e8b465ee728b)
Start importing Assets/SteamVR/Models/vr_glove_model.fbx using Guid(02d2c3f5b5ca1014c8fb700e729167ae) Importer(815301076,1909f56bfc062723c751e8b465ee728b)  -> (artifact id: 'd72791c05dace484fd13efbf5c8bc500') in 0.076153 seconds 
  Import took 0.083300 seconds .

========================================================================
Received Import Request.
  Time since last request: 0.000368 seconds.
  path: Assets/SteamVR/Models/vr_glove_right_model_slim.fbx
  artifactKey: Guid(641e9d2f5c6b4cb438161abef3be8300) Importer(815301076,1909f56bfc062723c751e8b465ee728b)
Start importing Assets/SteamVR/Models/vr_glove_right_model_slim.fbx using Guid(641e9d2f5c6b4cb438161abef3be8300) Importer(815301076,1909f56bfc062723c751e8b465ee728b)  -> (artifact id: 'cd9b095f2b5c82c411b0588ce8834d8d') in 0.067368 seconds 
  Import took 0.074867 seconds .

========================================================================
Received Import Request.
  Time since last request: 5.506116 seconds.
  path: Assets/Museum/little-knight/Prefab/LittleKnight1.prefab
  artifactKey: Guid(6f54e3ca24b17c84bb6b31e9acb5eb92) Importer(815301076,1909f56bfc062723c751e8b465ee728b)
Start importing Assets/Museum/little-knight/Prefab/LittleKnight1.prefab using Guid(6f54e3ca24b17c84bb6b31e9acb5eb92) Importer(815301076,1909f56bfc062723c751e8b465ee728b) The Animator Controller (LittleKnightController) you have used is not valid. Animations will not play
UnityEngine.StackTraceUtility:ExtractStackTrace ()
UnityEditor.EditorUtility:Internal_InstantiateRemoveAllNonAnimationComponentsSingle (UnityEngine.Object,UnityEngine.Vector3,UnityEngine.Quaternion)
UnityEditor.EditorUtility:InstantiateRemoveAllNonAnimationComponents (UnityEngine.Object,UnityEngine.Vector3,UnityEngine.Quaternion)
UnityEditor.EditorUtility:InstantiateForAnimatorPreview (UnityEngine.Object)
UnityEditor.GameObjectInspector/PreviewData:UpdateGameObject (UnityEngine.Object)
UnityEditor.GameObjectInspector/PreviewData:.ctor (UnityEngine.Object)
UnityEditor.GameObjectInspector:GetPreviewData ()
UnityEditor.GameObjectInspector:RenderStaticPreview (string,UnityEngine.Object[],int,int)
UnityEditor.AssetPreviewUpdater:CreatePreviewForAsset (UnityEngine.Object,UnityEngine.Object[],string)

[C:\buildslave\unity\build\Modules/Animation/Director/AnimatorControllerPlayable.cpp line 333]

The Animator Controller (LittleKnightController) you have used is not valid. Animations will not play
UnityEngine.StackTraceUtility:ExtractStackTrace ()
UnityEditor.EditorUtility:InitInstantiatedPreviewRecursive (UnityEngine.GameObject)
UnityEditor.EditorUtility:InstantiateForAnimatorPreview (UnityEngine.Object)
UnityEditor.GameObjectInspector/PreviewData:UpdateGameObject (UnityEngine.Object)
UnityEditor.GameObjectInspector/PreviewData:.ctor (UnityEngine.Object)
UnityEditor.GameObjectInspector:GetPreviewData ()
UnityEditor.GameObjectInspector:RenderStaticPreview (string,UnityEngine.Object[],int,int)
UnityEditor.AssetPreviewUpdater:CreatePreviewForAsset (UnityEngine.Object,UnityEngine.Object[],string)

[C:\buildslave\unity\build\Modules/Animation/Director/AnimatorControllerPlayable.cpp line 333]

 -> (artifact id: '27ee9cfa0ede48a0a40c40c9234a0d10') in 0.123360 seconds 
  Import took 0.127612 seconds .

========================================================================
Received Prepare
Registering precompiled user dll's ...
Registered in 0.018461 seconds.
Begin MonoManager ReloadAssembly
Native extension for WindowsStandalone target not found
Native extension for WebGL target not found
Refreshing native plugins compatible for Editor in 1.05 ms, found 5 plugins.
Preloading 0 native plugins for Editor in 0.00 ms.
Mono: successfully reloaded assembly
- Completed reload, in  2.557 seconds
Domain Reload Profiling:
	ReloadAssembly (2574ms)
		BeginReloadAssembly (881ms)
			ExecutionOrderSort (0ms)
			DisableScriptedObjects (55ms)
			BackupInstance (0ms)
			ReleaseScriptingObjects (0ms)
			CreateAndSetChildDomain (561ms)
		EndReloadAssembly (1433ms)
			LoadAssemblies (483ms)
			RebuildTransferFunctionScriptingTraits (0ms)
			SetupTypeCache (579ms)
			ReleaseScriptCaches (1ms)
			RebuildScriptCaches (36ms)
			SetupLoadedEditorAssemblies (315ms)
				LogAssemblyErrors (0ms)
				InitializePlatformSupportModulesInManaged (6ms)
				SetLoadedEditorAssemblies (1ms)
				RefreshPlugins (1ms)
				BeforeProcessingInitializeOnLoad (79ms)
				ProcessInitializeOnLoadAttributes (214ms)
				ProcessInitializeOnLoadMethodAttributes (11ms)
				AfterProcessingInitializeOnLoad (2ms)
				EditorAssembliesLoaded (1ms)
			ExecutionOrderSort2 (0ms)
			AwakeInstancesAfterBackupRestoration (7ms)
Platform modules already initialized, skipping
Refreshing native plugins compatible for Editor in 0.60 ms, found 5 plugins.
Preloading 0 native plugins for Editor in 0.00 ms.
Unloading 1788 Unused Serialized files (Serialized files now loaded: 0)
System memory in use before: 97.7 MB.
System memory in use after: 97.8 MB.

Unloading 17 unused Assets to reduce memory usage. Loaded Objects now: 2305.
Total: 15.040000 ms (FindLiveObjects: 0.263500 ms CreateObjectMapping: 0.083500 ms MarkObjects: 14.254000 ms  DeleteObjects: 0.436800 ms)

AssetImportParameters requested are different than current active one (requested -> active):
  custom:framework-win-MediaFoundation: 216162199b28c13a410421893ffa2e32 -> 
  custom:video-decoder-ogg-theora: a1e56fd34408186e4bbccfd4996cb3dc -> 
  custom:container-muxer-webm: aa71ff27fc2769a1b78a27578f13a17b -> 
  custom:container-demuxer-webm: 4f35f7cbe854078d1ac9338744f61a02 -> 
  custom:container-demuxer-ogg: 62fdf1f143b41e24485cea50d1cbac27 -> 
  custom:video-encoder-webm-vp8: eb34c28f22e8b96e1ab97ce403110664 -> 
  custom:video-decoder-webm-vp8: 9c59270c3fd7afecdb556c50c9e8de78 -> 
  custom:audio-decoder-ogg-vorbis: bf7c407c2cedff20999df2af8eb42d56 -> 
  custom:audio-encoder-webm-vorbis: bf7c407c2cedff20999df2af8eb42d56 -> 
AssetImportWorkerClient::OnTransportError - code=2 error=End of file
